#
# A fatal error has been detected by the Java Runtime Environment:
#
#  SIGSEGV (0xb) at pc=0x00007fff8b86d221, pid=7190, tid=43527
#
# JRE version: 7.0_17-b02
# Java VM: Java HotSpot(TM) 64-Bit Server VM (23.7-b01 mixed mode bsd-amd64 compressed oops)
# Problematic frame:
# C  [libGLImage.dylib+0x24221]  storeColor+0x5d1
#
# Failed to write core dump. Core dumps have been disabled. To enable core dumping, try "ulimit -c unlimited" before starting Java again
#
# If you would like to submit a bug report, please visit:
#   http://bugreport.sun.com/bugreport/crash.jsp
# The crash happened outside the Java Virtual Machine in native code.
# See problematic frame for where to report the bug.
#

---------------  T H R E A D  ---------------

Current thread (0x00007ffa73839000):  JavaThread "Java2D Queue Flusher" daemon [_thread_in_native, id=43527, stack(0x000000010c863000,0x000000010c963000)]

siginfo:si_signo=SIGSEGV: si_errno=0, si_code=1 (SEGV_MAPERR), si_addr=0x0000000113511000

Registers:
RAX=0x0000000000000000, RBX=0x00007fff8b86ccd3, RCX=0x0000000113511000, RDX=0x0000000113511004
RSP=0x000000010c961600, RBP=0x000000010c961610, RSI=0x00007fff8b86d208, RDI=0x0000000000000000
R8 =0x000000010c961ab8, R9 =0x0000000000000000, R10=0x000000003f800000, R11=0x0000000000000004
R12=0x000000000000000a, R13=0x000000010c961ab8, R14=0x00007fff8b86d650, R15=0x0000000000000004
RIP=0x00007fff8b86d221, EFLAGS=0x0000000000010246, ERR=0x0000000000000006
  TRAPNO=0x000000000000000e

Top of Stack: (sp=0x000000010c961600)
0x000000010c961600:   0000000000000090 00000000000003b0
0x000000010c961610:   000000010c961c20 00007fff8b87e05c
0x000000010c961620:   0000000100000000 0000000100000000
0x000000010c961630:   000000013f800000 0000000100000004
0x000000010c961640:   0000000100000001 0000000000000001
0x000000010c961650:   0000000100000000 0000000100000000
0x000000010c961660:   0000000100000000 00007fff00000000
0x000000010c961670:   0000000000000000 0000000000000050
0x000000010c961680:   000000010c961ad0 000000010c961a10
0x000000010c961690:   0000000000000000 00007fff7b88bbe0
0x000000010c9616a0:   0000000000000000 000000010c9616c8
0x000000010c9616b0:   00007ffa70cf3380 0000000090f58f92
0x000000010c9616c0:   0000000000000000 0000000000000000
0x000000010c9616d0:   0000002070c40c18 000000010c961730
0x000000010c9616e0:   00007ffa73600068 00007ffa736001a0
0x000000010c9616f0:   00007ffa710cf400 0000000000000000
0x000000010c961700:   000000000c9617a0 00007fff8bd5aa34
0x000000010c961710:   0000000000000000 0000000000000000
0x000000010c961720:   0000000000000000 00007fff8bd5aaa4
0x000000010c961730:   0000000000000000 0000000112911000
0x000000010c961740:   000000010cd64e70 0000000109fae3c8
0x000000010c961750:   000000010c961c94 0000000000000000
0x000000010c961760:   00007ffa73079c38 0000000000000000
0x000000010c961770:   000000010c9617a0 00007ffa70e2bb00
0x000000010c961780:   0000000109fae3c8 00007ffa73079c38
0x000000010c961790:   0000000000000400 00007ffa70e2bb00
0x000000010c9617a0:   000000010c961810 00007fff8e27bf25
0x000000010c9617b0:   0000040000000001 00007ffa70e2bb28
0x000000010c9617c0:   0000030000000000 0000000000000000
0x000000010c9617d0:   000000010c961810 00001234802221a9
0x000000010c9617e0:   00007ffa710cf400 00007ffa70e2bb00
0x000000010c9617f0:   000000010c961e3c 0000000000000001 

Instructions: (pc=0x00007fff8b86d221)
0x00007fff8b86d201:   89 08 e9 7e 03 00 00 f6 c2 02 74 0a 41 0f ca 0f
0x00007fff8b86d211:   cf 0f c8 41 0f c9 49 8b 08 48 8d 51 04 49 89 10
0x00007fff8b86d221:   44 89 09 49 8b 08 48 8d 51 04 49 89 10 89 01 49
0x00007fff8b86d231:   8b 00 48 8d 48 04 49 89 08 89 38 e9 fa 03 00 00 

Register to memory mapping:

RAX=0x0000000000000000 is an unknown value
RBX=0x00007fff8b86ccd3: storeColor+0x83 in /System/Library/Frameworks/OpenGL.framework/Versions/A/Libraries/libGLImage.dylib at 0x00007fff8b849000
RCX=0x0000000113511000 is an unknown value
RDX=0x0000000113511004 is an unknown value
RSP=0x000000010c961600 is pointing into the stack for thread: 0x00007ffa73839000
RBP=0x000000010c961610 is pointing into the stack for thread: 0x00007ffa73839000
RSI=0x00007fff8b86d208: storeColor+0x5b8 in /System/Library/Frameworks/OpenGL.framework/Versions/A/Libraries/libGLImage.dylib at 0x00007fff8b849000
RDI=0x0000000000000000 is an unknown value
R8 =0x000000010c961ab8 is pointing into the stack for thread: 0x00007ffa73839000
R9 =0x0000000000000000 is an unknown value
R10=0x000000003f800000 is an unknown value
R11=0x0000000000000004 is an unknown value
R12=0x000000000000000a is an unknown value
R13=0x000000010c961ab8 is pointing into the stack for thread: 0x00007ffa73839000
R14=0x00007fff8b86d650: storeColor+0xa00 in /System/Library/Frameworks/OpenGL.framework/Versions/A/Libraries/libGLImage.dylib at 0x00007fff8b849000
R15=0x0000000000000004 is an unknown value


Stack: [0x000000010c863000,0x000000010c963000],  sp=0x000000010c961600,  free space=1017k
Native frames: (J=compiled Java code, j=interpreted, Vv=VM code, C=native code)
C  [libGLImage.dylib+0x24221]  storeColor+0x5d1
C  [libGLImage.dylib+0x3505c]  glgProcessColor+0x4fec
C  [libGLImage.dylib+0x8d73]  __glgProcessPixelsWithProcessor_block_invoke+0x6b
C  [libdispatch.dylib+0x88f8]  _dispatch_client_callout2+0x8
C  [libdispatch.dylib+0x8cca]  _dispatch_apply_serial+0x2a
C  [libdispatch.dylib+0x12ad]  _dispatch_client_callout+0x8
C  [libdispatch.dylib+0x83cf]  _dispatch_sync_f_invoke+0x27
C  [libdispatch.dylib+0x862a]  dispatch_apply_f+0x10b
C  [libGLImage.dylib+0x8ba7]  glgProcessPixelsWithProcessor+0x14c1
C  [AMDRadeonX3000GLDriver+0x1e79a6]  gldPresentFramebufferData+0x21985
C  [AMDRadeonX3000GLDriver+0x21cb78]  gldBlitFramebufferData+0x1e7f0
C  [GLEngine+0x1b92a]  gleDrawPixelsFast+0x2ff9
C  [GLEngine+0x188d4]  glDrawPixels_Exec+0x1c8
C  [liblwawt.dylib+0x2fa7]  OGLBlitLoops_Blit+0x6c2
C  [liblwawt.dylib+0x77f9]  Java_sun_java2d_opengl_OGLRenderQueue_flushBuffer+0x3d1
j  sun.java2d.opengl.OGLRenderQueue.flushBuffer(JI)V+0
j  sun.java2d.opengl.OGLRenderQueue.flushBuffer()V+21
j  sun.java2d.opengl.OGLRenderQueue.access$100(Lsun/java2d/opengl/OGLRenderQueue;)V+1
j  sun.java2d.opengl.OGLRenderQueue$QueueFlusher.run()V+81
v  ~StubRoutines::call_stub
V  [libjvm.dylib+0x28852f]
V  [libjvm.dylib+0x288a0c]
V  [libjvm.dylib+0x288b46]
V  [libjvm.dylib+0x2bf4c0]
V  [libjvm.dylib+0x478294]
V  [libjvm.dylib+0x47977a]
V  [libjvm.dylib+0x3b5191]
C  [libsystem_pthread.dylib+0x1899]  _pthread_body+0x8a
C  [libsystem_pthread.dylib+0x172a]  _pthread_struct_init+0x0
C  [libsystem_pthread.dylib+0x5fc9]  thread_start+0xd

Java frames: (J=compiled Java code, j=interpreted, Vv=VM code)
j  sun.java2d.opengl.OGLRenderQueue.flushBuffer(JI)V+0
j  sun.java2d.opengl.OGLRenderQueue.flushBuffer()V+21
j  sun.java2d.opengl.OGLRenderQueue.access$100(Lsun/java2d/opengl/OGLRenderQueue;)V+1
j  sun.java2d.opengl.OGLRenderQueue$QueueFlusher.run()V+81
v  ~StubRoutines::call_stub

---------------  P R O C E S S  ---------------

Java Threads: ( => current thread )
  0x00007ffa740f3800 JavaThread "Java2D Disposer" daemon [_thread_blocked, id=45571, stack(0x000000010cdb8000,0x000000010ceb8000)]
=>0x00007ffa73839000 JavaThread "Java2D Queue Flusher" daemon [_thread_in_native, id=43527, stack(0x000000010c863000,0x000000010c963000)]
  0x00007ffa71055000 JavaThread "DestroyJavaVM" [_thread_blocked, id=5891, stack(0x0000000102650000,0x0000000102750000)]
  0x00007ffa71011800 JavaThread "AWT-EventQueue-0" [_thread_blocked, id=41987, stack(0x000000010c760000,0x000000010c860000)]
  0x00007ffa7380a000 JavaThread "AWT-Shutdown" [_thread_blocked, id=17159, stack(0x00000001085bf000,0x00000001086bf000)]
  0x00007ffa73809000 JavaThread "AppKit Thread" daemon [_thread_in_native, id=1287, stack(0x00007fff5d642000,0x00007fff5d6c2000)]
  0x00007ffa71801800 JavaThread "Monitor Ctrl-Break" daemon [_thread_in_native, id=15875, stack(0x0000000108216000,0x0000000108316000)]
  0x00007ffa72033000 JavaThread "Service Thread" daemon [_thread_blocked, id=15363, stack(0x0000000107db0000,0x0000000107eb0000)]
  0x00007ffa72032000 JavaThread "C2 CompilerThread1" daemon [_thread_blocked, id=15107, stack(0x0000000107cad000,0x0000000107dad000)]
  0x00007ffa72031800 JavaThread "C2 CompilerThread0" daemon [_thread_blocked, id=14851, stack(0x0000000107baa000,0x0000000107caa000)]
  0x00007ffa72030800 JavaThread "Signal Dispatcher" daemon [_thread_blocked, id=14595, stack(0x0000000107aa7000,0x0000000107ba7000)]
  0x00007ffa73803000 JavaThread "Finalizer" daemon [_thread_blocked, id=9731, stack(0x0000000107858000,0x0000000107958000)]
  0x00007ffa73802000 JavaThread "Reference Handler" daemon [_thread_blocked, id=9475, stack(0x0000000107755000,0x0000000107855000)]

Other Threads:
  0x00007ffa72011800 VMThread [stack: 0x0000000107652000,0x0000000107752000] [id=9219]
  0x00007ffa72018800 WatcherThread [stack: 0x0000000107eb3000,0x0000000107fb3000] [id=15619]

VM state:not at safepoint (normal execution)

VM Mutex/Monitor currently owned by a thread: None

Heap
 def new generation   total 2112K, used 938K [0x00000007f3000000, 0x00000007f3240000, 0x00000007f5a00000)
  eden space 1920K,  38% used [0x00000007f3000000, 0x00000007f30ba848, 0x00000007f31e0000)
  from space 192K,  99% used [0x00000007f3210000, 0x00000007f323fff8, 0x00000007f3240000)
  to   space 192K,   0% used [0x00000007f31e0000, 0x00000007f31e0000, 0x00000007f3210000)
 tenured generation   total 7216K, used 5498K [0x00000007f5a00000, 0x00000007f610c000, 0x00000007fae00000)
   the space 7216K,  76% used [0x00000007f5a00000, 0x00000007f5f5e8e8, 0x00000007f5f5ea00, 0x00000007f610c000)
 compacting perm gen  total 21248K, used 10666K [0x00000007fae00000, 0x00000007fc2c0000, 0x0000000800000000)
   the space 21248K,  50% used [0x00000007fae00000, 0x00000007fb86a968, 0x00000007fb86aa00, 0x00000007fc2c0000)
No shared spaces configured.

Card table byte_map: [0x0000000107367000,0x00000001073d0000] byte_map_base: 0x00000001033cf000

Polling page: 0x000000010278f000

Code Cache  [0x00000001042a7000, 0x0000000104517000, 0x00000001072a7000)
 total_blobs=477 nmethods=46 adapters=384 free_code_cache=48534Kb largest_free_block=49676416

Compilation events (10 events):
Event: 2.131 Thread 0x00007ffa72032000 nmethod 41 0x0000000104332010 code [0x0000000104332160, 0x0000000104332248]
Event: 2.131 Thread 0x00007ffa72032000   42             java.lang.String::indexOf (7 bytes)
Event: 2.132 Thread 0x00007ffa72032000 nmethod 42 0x000000010432fe10 code [0x000000010432ff60, 0x0000000104330048]
Event: 2.134 Thread 0x00007ffa72031800 nmethod 40 0x000000010432f510 code [0x000000010432f680, 0x000000010432fc58]
Event: 2.136 Thread 0x00007ffa72032000   43             java.lang.Math::min (11 bytes)
Event: 2.137 Thread 0x00007ffa72032000 nmethod 43 0x000000010432e290 code [0x000000010432e3c0, 0x000000010432e3f8]
Event: 2.188 Thread 0x00007ffa72031800   44             java.util.Arrays::binarySearch0 (95 bytes)
Event: 2.188 Thread 0x00007ffa72032000   45             sun.java2d.loops.GraphicsPrimitiveMgr$2::compare (39 bytes)
Event: 2.189 Thread 0x00007ffa72032000 nmethod 45 0x000000010433fb50 code [0x000000010433fca0, 0x000000010433fd98]
Event: 2.191 Thread 0x00007ffa72031800 nmethod 44 0x000000010433f650 code [0x000000010433f7a0, 0x000000010433f958]

GC Heap History (10 events):
Event: 1.371 GC heap before
{Heap before GC invocations=28 (full 0):
 def new generation   total 2112K, used 1920K [0x00000007f3000000, 0x00000007f3240000, 0x00000007f5a00000)
  eden space 1920K, 100% used [0x00000007f3000000, 0x00000007f31e0000, 0x00000007f31e0000)
  from space 192K,   0% used [0x00000007f31e0000, 0x00000007f31e0000, 0x00000007f3210000)
  to   space 192K,   0% used [0x00000007f3210000, 0x00000007f3210000, 0x00000007f3240000)
 tenured generation   total 4480K, used 1849K [0x00000007f5a00000, 0x00000007f5e60000, 0x00000007fae00000)
   the space 4480K,  41% used [0x00000007f5a00000, 0x00000007f5bce440, 0x00000007f5bce600, 0x00000007f5e60000)
 compacting perm gen  total 21248K, used 8865K [0x00000007fae00000, 0x00000007fc2c0000, 0x0000000800000000)
   the space 21248K,  41% used [0x00000007fae00000, 0x00000007fb6a8528, 0x00000007fb6a8600, 0x00000007fc2c0000)
No shared spaces configured.
Event: 1.372 GC heap after
Heap after GC invocations=29 (full 0):
 def new generation   total 2112K, used 0K [0x00000007f3000000, 0x00000007f3240000, 0x00000007f5a00000)
  eden space 1920K,   0% used [0x00000007f3000000, 0x00000007f3000000, 0x00000007f31e0000)
  from space 192K,   0% used [0x00000007f3210000, 0x00000007f3210018, 0x00000007f3240000)
  to   space 192K,   0% used [0x00000007f31e0000, 0x00000007f31e0000, 0x00000007f3210000)
 tenured generation   total 4480K, used 1849K [0x00000007f5a00000, 0x00000007f5e60000, 0x00000007fae00000)
   the space 4480K,  41% used [0x00000007f5a00000, 0x00000007f5bce440, 0x00000007f5bce600, 0x00000007f5e60000)
 compacting perm gen  total 21248K, used 8865K [0x00000007fae00000, 0x00000007fc2c0000, 0x0000000800000000)
   the space 21248K,  41% used [0x00000007fae00000, 0x00000007fb6a8528, 0x00000007fb6a8600, 0x00000007fc2c0000)
No shared spaces configured.
}
Event: 1.377 GC heap before
{Heap before GC invocations=29 (full 0):
 def new generation   total 2112K, used 1920K [0x00000007f3000000, 0x00000007f3240000, 0x00000007f5a00000)
  eden space 1920K, 100% used [0x00000007f3000000, 0x00000007f31e0000, 0x00000007f31e0000)
  from space 192K,   0% used [0x00000007f3210000, 0x00000007f3210018, 0x00000007f3240000)
  to   space 192K,   0% used [0x00000007f31e0000, 0x00000007f31e0000, 0x00000007f3210000)
 tenured generation   total 4480K, used 1849K [0x00000007f5a00000, 0x00000007f5e60000, 0x00000007fae00000)
   the space 4480K,  41% used [0x00000007f5a00000, 0x00000007f5bce440, 0x00000007f5bce600, 0x00000007f5e60000)
 compacting perm gen  total 21248K, used 8865K [0x00000007fae00000, 0x00000007fc2c0000, 0x0000000800000000)
   the space 21248K,  41% used [0x00000007fae00000, 0x00000007fb6a8528, 0x00000007fb6a8600, 0x00000007fc2c0000)
No shared spaces configured.
Event: 1.378 GC heap after
Heap after GC invocations=30 (full 0):
 def new generation   total 2112K, used 0K [0x00000007f3000000, 0x00000007f3240000, 0x00000007f5a00000)
  eden space 1920K,   0% used [0x00000007f3000000, 0x00000007f3000000, 0x00000007f31e0000)
  from space 192K,   0% used [0x00000007f31e0000, 0x00000007f31e0000, 0x00000007f3210000)
  to   space 192K,   0% used [0x00000007f3210000, 0x00000007f3210000, 0x00000007f3240000)
 tenured generation   total 4480K, used 1849K [0x00000007f5a00000, 0x00000007f5e60000, 0x00000007fae00000)
   the space 4480K,  41% used [0x00000007f5a00000, 0x00000007f5bce440, 0x00000007f5bce600, 0x00000007f5e60000)
 compacting perm gen  total 21248K, used 8865K [0x00000007fae00000, 0x00000007fc2c0000, 0x0000000800000000)
   the space 21248K,  41% used [0x00000007fae00000, 0x00000007fb6a8528, 0x00000007fb6a8600, 0x00000007fc2c0000)
No shared spaces configured.
}
Event: 1.383 GC heap before
{Heap before GC invocations=30 (full 0):
 def new generation   total 2112K, used 1920K [0x00000007f3000000, 0x00000007f3240000, 0x00000007f5a00000)
  eden space 1920K, 100% used [0x00000007f3000000, 0x00000007f31e0000, 0x00000007f31e0000)
  from space 192K,   0% used [0x00000007f31e0000, 0x00000007f31e0000, 0x00000007f3210000)
  to   space 192K,   0% used [0x00000007f3210000, 0x00000007f3210000, 0x00000007f3240000)
 tenured generation   total 4480K, used 1849K [0x00000007f5a00000, 0x00000007f5e60000, 0x00000007fae00000)
   the space 4480K,  41% used [0x00000007f5a00000, 0x00000007f5bce440, 0x00000007f5bce600, 0x00000007f5e60000)
 compacting perm gen  total 21248K, used 8865K [0x00000007fae00000, 0x00000007fc2c0000, 0x0000000800000000)
   the space 21248K,  41% used [0x00000007fae00000, 0x00000007fb6a8528, 0x00000007fb6a8600, 0x00000007fc2c0000)
No shared spaces configured.
Event: 1.384 GC heap after
Heap after GC invocations=31 (full 0):
 def new generation   total 2112K, used 0K [0x00000007f3000000, 0x00000007f3240000, 0x00000007f5a00000)
  eden space 1920K,   0% used [0x00000007f3000000, 0x00000007f3000000, 0x00000007f31e0000)
  from space 192K,   0% used [0x00000007f3210000, 0x00000007f3210000, 0x00000007f3240000)
  to   space 192K,   0% used [0x00000007f31e0000, 0x00000007f31e0000, 0x00000007f3210000)
 tenured generation   total 4480K, used 1849K [0x00000007f5a00000, 0x00000007f5e60000, 0x00000007fae00000)
   the space 4480K,  41% used [0x00000007f5a00000, 0x00000007f5bce440, 0x00000007f5bce600, 0x00000007f5e60000)
 compacting perm gen  total 21248K, used 8865K [0x00000007fae00000, 0x00000007fc2c0000, 0x0000000800000000)
   the space 21248K,  41% used [0x00000007fae00000, 0x00000007fb6a8528, 0x00000007fb6a8600, 0x00000007fc2c0000)
No shared spaces configured.
}
Event: 1.454 GC heap before
{Heap before GC invocations=31 (full 0):
 def new generation   total 2112K, used 388K [0x00000007f3000000, 0x00000007f3240000, 0x00000007f5a00000)
  eden space 1920K,  20% used [0x00000007f3000000, 0x00000007f3061260, 0x00000007f31e0000)
  from space 192K,   0% used [0x00000007f3210000, 0x00000007f3210000, 0x00000007f3240000)
  to   space 192K,   0% used [0x00000007f31e0000, 0x00000007f31e0000, 0x00000007f3210000)
 tenured generation   total 4480K, used 1849K [0x00000007f5a00000, 0x00000007f5e60000, 0x00000007fae00000)
   the space 4480K,  41% used [0x00000007f5a00000, 0x00000007f5bce440, 0x00000007f5bce600, 0x00000007f5e60000)
 compacting perm gen  total 21248K, used 9538K [0x00000007fae00000, 0x00000007fc2c0000, 0x0000000800000000)
   the space 21248K,  44% used [0x00000007fae00000, 0x00000007fb7508c0, 0x00000007fb750a00, 0x00000007fc2c0000)
No shared spaces configured.
Event: 1.473 GC heap after
Heap after GC invocations=32 (full 1):
 def new generation   total 2112K, used 0K [0x00000007f3000000, 0x00000007f3240000, 0x00000007f5a00000)
  eden space 1920K,   0% used [0x00000007f3000000, 0x00000007f3000000, 0x00000007f31e0000)
  from space 192K,   0% used [0x00000007f31e0000, 0x00000007f31e0000, 0x00000007f3210000)
  to   space 192K,   0% used [0x00000007f3210000, 0x00000007f3210000, 0x00000007f3240000)
 tenured generation   total 4480K, used 1883K [0x00000007f5a00000, 0x00000007f5e60000, 0x00000007fae00000)
   the space 4480K,  42% used [0x00000007f5a00000, 0x00000007f5bd6fb8, 0x00000007f5bd7000, 0x00000007f5e60000)
 compacting perm gen  total 21248K, used 9538K [0x00000007fae00000, 0x00000007fc2c0000, 0x0000000800000000)
   the space 21248K,  44% used [0x00000007fae00000, 0x00000007fb7508c0, 0x00000007fb750a00, 0x00000007fc2c0000)
No shared spaces configured.
}
Event: 2.216 GC heap before
{Heap before GC invocations=32 (full 1):
 def new generation   total 2112K, used 1744K [0x00000007f3000000, 0x00000007f3240000, 0x00000007f5a00000)
  eden space 1920K,  90% used [0x00000007f3000000, 0x00000007f31b40c8, 0x00000007f31e0000)
  from space 192K,   0% used [0x00000007f31e0000, 0x00000007f31e0000, 0x00000007f3210000)
  to   space 192K,   0% used [0x00000007f3210000, 0x00000007f3210000, 0x00000007f3240000)
 tenured generation   total 7216K, used 4618K [0x00000007f5a00000, 0x00000007f610c000, 0x00000007fae00000)
   the space 7216K,  64% used [0x00000007f5a00000, 0x00000007f5e82948, 0x00000007f5e82a00, 0x00000007f610c000)
 compacting perm gen  total 21248K, used 10650K [0x00000007fae00000, 0x00000007fc2c0000, 0x0000000800000000)
   the space 21248K,  50% used [0x00000007fae00000, 0x00000007fb866850, 0x00000007fb866a00, 0x00000007fc2c0000)
No shared spaces configured.
Event: 2.221 GC heap after
Heap after GC invocations=33 (full 1):
 def new generation   total 2112K, used 191K [0x00000007f3000000, 0x00000007f3240000, 0x00000007f5a00000)
  eden space 1920K,   0% used [0x00000007f3000000, 0x00000007f3000000, 0x00000007f31e0000)
  from space 192K,  99% used [0x00000007f3210000, 0x00000007f323fff8, 0x00000007f3240000)
  to   space 192K,   0% used [0x00000007f31e0000, 0x00000007f31e0000, 0x00000007f3210000)
 tenured generation   total 7216K, used 5498K [0x00000007f5a00000, 0x00000007f610c000, 0x00000007fae00000)
   the space 7216K,  76% used [0x00000007f5a00000, 0x00000007f5f5e8e8, 0x00000007f5f5ea00, 0x00000007f610c000)
 compacting perm gen  total 21248K, used 10650K [0x00000007fae00000, 0x00000007fc2c0000, 0x0000000800000000)
   the space 21248K,  50% used [0x00000007fae00000, 0x00000007fb866850, 0x00000007fb866a00, 0x00000007fc2c0000)
No shared spaces configured.
}

Deoptimization events (0 events):
No events

Internal exceptions (10 events):
Event: 0.939 Thread 0x00007ffa71011800 Threw 0x00000007f30214d0 at /HUDSON/workspace/jdk7u17-2-build-macosx-amd64-product/jdk7u17/hotspot/src/share/vm/prims/jvm.cpp:1166
Event: 0.939 Thread 0x00007ffa71011800 Threw 0x00000007f30216f8 at /HUDSON/workspace/jdk7u17-2-build-macosx-amd64-product/jdk7u17/hotspot/src/share/vm/prims/jvm.cpp:1166
Event: 0.940 Thread 0x00007ffa71011800 Threw 0x00000007f3027f98 at /HUDSON/workspace/jdk7u17-2-build-macosx-amd64-product/jdk7u17/hotspot/src/share/vm/prims/jvm.cpp:1166
Event: 0.940 Thread 0x00007ffa71011800 Threw 0x00000007f302b828 at /HUDSON/workspace/jdk7u17-2-build-macosx-amd64-product/jdk7u17/hotspot/src/share/vm/prims/jvm.cpp:1166
Event: 0.942 Thread 0x00007ffa71011800 Threw 0x00000007f303ad70 at /HUDSON/workspace/jdk7u17-2-build-macosx-amd64-product/jdk7u17/hotspot/src/share/vm/prims/jvm.cpp:1166
Event: 0.942 Thread 0x00007ffa71011800 Threw 0x00000007f303f698 at /HUDSON/workspace/jdk7u17-2-build-macosx-amd64-product/jdk7u17/hotspot/src/share/vm/prims/jvm.cpp:1166
Event: 1.004 Thread 0x00007ffa71011800 Threw 0x00000007f3088fc8 at /HUDSON/workspace/jdk7u17-2-build-macosx-amd64-product/jdk7u17/hotspot/src/share/vm/prims/jvm.cpp:1166
Event: 1.005 Thread 0x00007ffa71011800 Threw 0x00000007f308fcf8 at /HUDSON/workspace/jdk7u17-2-build-macosx-amd64-product/jdk7u17/hotspot/src/share/vm/prims/jvm.cpp:1166
Event: 1.012 Thread 0x00007ffa71011800 Threw 0x00000007f30a2858 at /HUDSON/workspace/jdk7u17-2-build-macosx-amd64-product/jdk7u17/hotspot/src/share/vm/prims/jvm.cpp:1166
Event: 1.013 Thread 0x00007ffa71011800 Threw 0x00000007f30aa478 at /HUDSON/workspace/jdk7u17-2-build-macosx-amd64-product/jdk7u17/hotspot/src/share/vm/prims/jvm.cpp:1166

Events (10 events):
Event: 2.225 loading class 0x00007ffa730748b0
Event: 2.225 loading class 0x00007ffa730748b0 done
Event: 2.225 loading class 0x00007ffa730739b0
Event: 2.225 loading class 0x00007ffa730739b0 done
Event: 2.226 loading class 0x00007ffa7305cf00
Event: 2.226 loading class 0x00007ffa7305cf00 done
Event: 2.226 loading class 0x00007ffa7305cf30
Event: 2.226 loading class 0x00007ffa7305cf30 done
Event: 2.226 loading class 0x00007ffa7304ab80
Event: 2.226 loading class 0x00007ffa7304ab80 done


Dynamic libraries:
0x000000000a47a000 	/System/Library/Frameworks/Cocoa.framework/Versions/A/Cocoa
0x000000000a47a000 	/System/Library/Frameworks/Security.framework/Versions/A/Security
0x000000000a47a000 	/System/Library/Frameworks/ApplicationServices.framework/Versions/A/ApplicationServices
0x000000000a47a000 	/usr/lib/libz.1.dylib
0x000000000a47a000 	/usr/lib/libSystem.B.dylib
0x000000000a47a000 	/usr/lib/libobjc.A.dylib
0x000000000a47a000 	/System/Library/Frameworks/CoreFoundation.framework/Versions/A/CoreFoundation
0x000000000a47a000 	/System/Library/Frameworks/AppKit.framework/Versions/C/AppKit
0x000000000a47a000 	/System/Library/Frameworks/CoreData.framework/Versions/A/CoreData
0x000000000a47a000 	/System/Library/Frameworks/Foundation.framework/Versions/C/Foundation
0x000000000a47a000 	/System/Library/PrivateFrameworks/RemoteViewServices.framework/Versions/A/RemoteViewServices
0x000000000a47a000 	/System/Library/Frameworks/AudioToolbox.framework/Versions/A/AudioToolbox
0x000000000a47a000 	/System/Library/Frameworks/AudioUnit.framework/Versions/A/AudioUnit
0x000000000a47a000 	/System/Library/PrivateFrameworks/DataDetectorsCore.framework/Versions/A/DataDetectorsCore
0x000000000a47a000 	/System/Library/PrivateFrameworks/DesktopServicesPriv.framework/Versions/A/DesktopServicesPriv
0x000000000a47a000 	/System/Library/Frameworks/Carbon.framework/Versions/A/Frameworks/HIToolbox.framework/Versions/A/HIToolbox
0x000000000a47a000 	/System/Library/Frameworks/QuartzCore.framework/Versions/A/QuartzCore
0x000000000a47a000 	/System/Library/Frameworks/Carbon.framework/Versions/A/Frameworks/SpeechRecognition.framework/Versions/A/SpeechRecognition
0x000000000a47a000 	/usr/lib/libauto.dylib
0x000000000a47a000 	/usr/lib/libicucore.A.dylib
0x000000000a47a000 	/usr/lib/libxml2.2.dylib
0x000000000a47a000 	/System/Library/PrivateFrameworks/CoreUI.framework/Versions/A/CoreUI
0x000000000a47a000 	/System/Library/Frameworks/CoreAudio.framework/Versions/A/CoreAudio
0x000000000a47a000 	/System/Library/Frameworks/DiskArbitration.framework/Versions/A/DiskArbitration
0x000000000a47a000 	/usr/lib/liblangid.dylib
0x000000000a47a000 	/System/Library/PrivateFrameworks/MultitouchSupport.framework/Versions/A/MultitouchSupport
0x000000000a47a000 	/System/Library/Frameworks/IOKit.framework/Versions/A/IOKit
0x000000000a47a000 	/usr/lib/libDiagnosticMessagesClient.dylib
0x000000000a47a000 	/System/Library/Frameworks/CoreServices.framework/Versions/A/CoreServices
0x000000000a47a000 	/System/Library/PrivateFrameworks/PerformanceAnalysis.framework/Versions/A/PerformanceAnalysis
0x000000000a47a000 	/System/Library/PrivateFrameworks/GenerationalStorage.framework/Versions/A/GenerationalStorage
0x000000000a47a000 	/System/Library/Frameworks/OpenGL.framework/Versions/A/OpenGL
0x000000000a47a000 	/System/Library/PrivateFrameworks/Sharing.framework/Versions/A/Sharing
0x000000000a47a000 	/System/Library/Frameworks/ImageIO.framework/Versions/A/ImageIO
0x000000000a47a000 	/System/Library/Frameworks/CoreText.framework/Versions/A/CoreText
0x000000000a47a000 	/System/Library/Frameworks/CoreGraphics.framework/Versions/A/CoreGraphics
0x000000000a47a000 	/System/Library/PrivateFrameworks/Backup.framework/Versions/A/Backup
0x000000000a47a000 	/System/Library/Frameworks/CFNetwork.framework/Versions/A/CFNetwork
0x000000000a47a000 	/System/Library/Frameworks/SystemConfiguration.framework/Versions/A/SystemConfiguration
0x000000000a47a000 	/usr/lib/libCRFSuite.dylib
0x000000000a47a000 	/usr/lib/libc++.1.dylib
0x000000000a47a000 	/usr/lib/libc++abi.dylib
0x000000000a47a000 	/usr/lib/system/libcache.dylib
0x000000000a47a000 	/usr/lib/system/libcommonCrypto.dylib
0x000000000a47a000 	/usr/lib/system/libcompiler_rt.dylib
0x000000000a47a000 	/usr/lib/system/libcopyfile.dylib
0x000000000a47a000 	/usr/lib/system/libcorecrypto.dylib
0x000000000a47a000 	/usr/lib/system/libdispatch.dylib
0x000000000a47a000 	/usr/lib/system/libdyld.dylib
0x000000000a47a000 	/usr/lib/system/libkeymgr.dylib
0x000000000a47a000 	/usr/lib/system/liblaunch.dylib
0x000000000a47a000 	/usr/lib/system/libmacho.dylib
0x000000000a47a000 	/usr/lib/system/libquarantine.dylib
0x000000000a47a000 	/usr/lib/system/libremovefile.dylib
0x000000000a47a000 	/usr/lib/system/libsystem_asl.dylib
0x000000000a47a000 	/usr/lib/system/libsystem_blocks.dylib
0x000000000a47a000 	/usr/lib/system/libsystem_c.dylib
0x000000000a47a000 	/usr/lib/system/libsystem_configuration.dylib
0x000000000a47a000 	/usr/lib/system/libsystem_dnssd.dylib
0x000000000a47a000 	/usr/lib/system/libsystem_info.dylib
0x000000000a47a000 	/usr/lib/system/libsystem_kernel.dylib
0x000000000a47a000 	/usr/lib/system/libsystem_m.dylib
0x000000000a47a000 	/usr/lib/system/libsystem_malloc.dylib
0x000000000a47a000 	/usr/lib/system/libsystem_network.dylib
0x000000000a47a000 	/usr/lib/system/libsystem_notify.dylib
0x000000000a47a000 	/usr/lib/system/libsystem_platform.dylib
0x000000000a47a000 	/usr/lib/system/libsystem_pthread.dylib
0x000000000a47a000 	/usr/lib/system/libsystem_sandbox.dylib
0x000000000a47a000 	/usr/lib/system/libsystem_stats.dylib
0x000000000a47a000 	/usr/lib/system/libunc.dylib
0x000000000a47a000 	/usr/lib/system/libunwind.dylib
0x000000000a47a000 	/usr/lib/system/libxpc.dylib
0x000000000a47a000 	/usr/lib/libbsm.0.dylib
0x000000000a47a000 	/usr/lib/libsqlite3.dylib
0x000000000a47a000 	/usr/lib/libxar.1.dylib
0x000000000a47a000 	/usr/lib/libpam.2.dylib
0x000000000a47a000 	/usr/lib/libOpenScriptingUtil.dylib
0x000000000a47a000 	/usr/lib/libbz2.1.0.dylib
0x000000000a47a000 	/System/Library/Frameworks/CoreServices.framework/Versions/A/Frameworks/CarbonCore.framework/Versions/A/CarbonCore
0x000000000a47a000 	/System/Library/Frameworks/CoreServices.framework/Versions/A/Frameworks/Metadata.framework/Versions/A/Metadata
0x000000000a47a000 	/System/Library/Frameworks/CoreServices.framework/Versions/A/Frameworks/OSServices.framework/Versions/A/OSServices
0x000000000a47a000 	/System/Library/Frameworks/CoreServices.framework/Versions/A/Frameworks/SearchKit.framework/Versions/A/SearchKit
0x000000000a47a000 	/System/Library/Frameworks/CoreServices.framework/Versions/A/Frameworks/AE.framework/Versions/A/AE
0x000000000a47a000 	/System/Library/Frameworks/CoreServices.framework/Versions/A/Frameworks/LaunchServices.framework/Versions/A/LaunchServices
0x000000000a47a000 	/System/Library/Frameworks/CoreServices.framework/Versions/A/Frameworks/DictionaryServices.framework/Versions/A/DictionaryServices
0x000000000a47a000 	/System/Library/Frameworks/NetFS.framework/Versions/A/NetFS
0x000000000a47a000 	/usr/lib/system/libkxld.dylib
0x000000000a47a000 	/System/Library/PrivateFrameworks/NetAuth.framework/Versions/A/NetAuth
0x000000000a47a000 	/System/Library/PrivateFrameworks/TCC.framework/Versions/A/TCC
0x000000000a47a000 	/System/Library/Frameworks/OpenDirectory.framework/Versions/A/Frameworks/CFOpenDirectory.framework/Versions/A/CFOpenDirectory
0x000000000a47a000 	/System/Library/Frameworks/ServiceManagement.framework/Versions/A/ServiceManagement
0x000000000a47a000 	/usr/lib/libxslt.1.dylib
0x000000000a47a000 	/System/Library/Frameworks/Carbon.framework/Versions/A/Frameworks/Ink.framework/Versions/A/Ink
0x000000000a47a000 	/System/Library/Frameworks/ApplicationServices.framework/Versions/A/Frameworks/ATS.framework/Versions/A/ATS
0x000000000a47a000 	/System/Library/Frameworks/ApplicationServices.framework/Versions/A/Frameworks/ColorSync.framework/Versions/A/ColorSync
0x000000000a47a000 	/System/Library/Frameworks/ApplicationServices.framework/Versions/A/Frameworks/HIServices.framework/Versions/A/HIServices
0x000000000a47a000 	/System/Library/Frameworks/ApplicationServices.framework/Versions/A/Frameworks/LangAnalysis.framework/Versions/A/LangAnalysis
0x000000000a47a000 	/System/Library/Frameworks/ApplicationServices.framework/Versions/A/Frameworks/PrintCore.framework/Versions/A/PrintCore
0x000000000a47a000 	/System/Library/Frameworks/ApplicationServices.framework/Versions/A/Frameworks/QD.framework/Versions/A/QD
0x000000000a47a000 	/System/Library/Frameworks/ApplicationServices.framework/Versions/A/Frameworks/SpeechSynthesis.framework/Versions/A/SpeechSynthesis
0x000000000a47a000 	/System/Library/Frameworks/IOSurface.framework/Versions/A/IOSurface
0x000000000a47a000 	/System/Library/Frameworks/Accelerate.framework/Versions/A/Accelerate
0x000000000a47a000 	/System/Library/Frameworks/Accelerate.framework/Versions/A/Frameworks/vImage.framework/Versions/A/vImage
0x000000000a47a000 	/System/Library/Frameworks/Accelerate.framework/Versions/A/Frameworks/vecLib.framework/Versions/A/vecLib
0x000000000a47a000 	/System/Library/Frameworks/Accelerate.framework/Versions/A/Frameworks/vecLib.framework/Versions/A/libvDSP.dylib
0x000000000a47a000 	/System/Library/Frameworks/Accelerate.framework/Versions/A/Frameworks/vecLib.framework/Versions/A/libvMisc.dylib
0x000000000a47a000 	/System/Library/Frameworks/Accelerate.framework/Versions/A/Frameworks/vecLib.framework/Versions/A/libLAPACK.dylib
0x000000000a47a000 	/System/Library/Frameworks/Accelerate.framework/Versions/A/Frameworks/vecLib.framework/Versions/A/libBLAS.dylib
0x000000000a47a000 	/System/Library/Frameworks/ApplicationServices.framework/Versions/A/Frameworks/ATS.framework/Versions/A/Resources/libFontParser.dylib
0x000000000a47a000 	/System/Library/Frameworks/ApplicationServices.framework/Versions/A/Frameworks/ATS.framework/Versions/A/Resources/libFontRegistry.dylib
0x000000000a47a000 	/System/Library/Frameworks/ImageIO.framework/Versions/A/Resources/libJPEG.dylib
0x000000000a47a000 	/System/Library/Frameworks/ImageIO.framework/Versions/A/Resources/libTIFF.dylib
0x000000000a47a000 	/System/Library/Frameworks/ImageIO.framework/Versions/A/Resources/libPng.dylib
0x000000000a47a000 	/System/Library/Frameworks/ImageIO.framework/Versions/A/Resources/libGIF.dylib
0x000000000a47a000 	/System/Library/Frameworks/ImageIO.framework/Versions/A/Resources/libJP2.dylib
0x000000000a47a000 	/System/Library/Frameworks/ImageIO.framework/Versions/A/Resources/libRadiance.dylib
0x000000000a47a000 	/usr/lib/libcups.2.dylib
0x000000000a47a000 	/System/Library/Frameworks/Kerberos.framework/Versions/A/Kerberos
0x000000000a47a000 	/System/Library/Frameworks/GSS.framework/Versions/A/GSS
0x000000000a47a000 	/usr/lib/libresolv.9.dylib
0x000000000a47a000 	/usr/lib/libiconv.2.dylib
0x000000000a47a000 	/System/Library/PrivateFrameworks/Heimdal.framework/Versions/A/Heimdal
0x000000000a47a000 	/System/Library/PrivateFrameworks/TrustEvaluationAgent.framework/Versions/A/TrustEvaluationAgent
0x000000000a47a000 	/usr/lib/libheimdal-asn1.dylib
0x000000000a47a000 	/System/Library/Frameworks/OpenDirectory.framework/Versions/A/OpenDirectory
0x000000000a47a000 	/System/Library/PrivateFrameworks/CommonAuth.framework/Versions/A/CommonAuth
0x000000000a47a000 	/System/Library/Frameworks/SecurityFoundation.framework/Versions/A/SecurityFoundation
0x000000000a47a000 	/System/Library/PrivateFrameworks/Bom.framework/Versions/A/Bom
0x000000000a47a000 	/System/Library/Frameworks/CoreVideo.framework/Versions/A/CoreVideo
0x000000000a47a000 	/System/Library/Frameworks/QuartzCore.framework/Versions/A/Frameworks/CoreImage.framework/Versions/A/CoreImage
0x000000000a47a000 	/System/Library/Frameworks/QuartzCore.framework/Versions/A/Frameworks/ScalableUserInterface.framework/Versions/A/ScalableUserInterface
0x000000000a47a000 	/System/Library/Frameworks/OpenGL.framework/Versions/A/Libraries/libGLU.dylib
0x000000000a47a000 	/System/Library/Frameworks/OpenGL.framework/Versions/A/Libraries/libGFXShared.dylib
0x000000000a47a000 	/System/Library/Frameworks/OpenGL.framework/Versions/A/Libraries/libGL.dylib
0x000000000a47a000 	/System/Library/Frameworks/OpenGL.framework/Versions/A/Libraries/libGLImage.dylib
0x000000000a47a000 	/System/Library/Frameworks/OpenGL.framework/Versions/A/Libraries/libCVMSPluginSupport.dylib
0x000000000a47a000 	/System/Library/Frameworks/OpenGL.framework/Versions/A/Libraries/libCoreVMClient.dylib
0x000000000a47a000 	/System/Library/PrivateFrameworks/FaceCore.framework/Versions/A/FaceCore
0x000000000a47a000 	/System/Library/PrivateFrameworks/CrashReporterSupport.framework/Versions/A/CrashReporterSupport
0x000000000a47a000 	/System/Library/Frameworks/OpenCL.framework/Versions/A/OpenCL
0x000000000a47a000 	/System/Library/PrivateFrameworks/AppleFSCompression.framework/Versions/A/AppleFSCompression
0x000000000a47a000 	/System/Library/PrivateFrameworks/Ubiquity.framework/Versions/A/Ubiquity
0x000000000a47a000 	/System/Library/PrivateFrameworks/IconServices.framework/Versions/A/IconServices
0x000000000a47a000 	/System/Library/PrivateFrameworks/ChunkingLibrary.framework/Versions/A/ChunkingLibrary
0x000000000a47a000 	/System/Library/PrivateFrameworks/CoreSymbolication.framework/Versions/A/CoreSymbolication
0x000000000a47a000 	/System/Library/PrivateFrameworks/Symbolication.framework/Versions/A/Symbolication
0x000000000a47a000 	/System/Library/PrivateFrameworks/DebugSymbols.framework/Versions/A/DebugSymbols
0x0000000103800000 	/Library/Java/JavaVirtualMachines/jdk1.7.0_17.jdk/Contents/Home/jre/lib/server/libjvm.dylib
0x000000000a47a000 	/usr/lib/libstdc++.6.dylib
0x0000000102752000 	/Library/Java/JavaVirtualMachines/jdk1.7.0_17.jdk/Contents/Home/jre/lib/libverify.dylib
0x000000010275f000 	/Library/Java/JavaVirtualMachines/jdk1.7.0_17.jdk/Contents/Home/jre/lib/libjava.dylib
0x0000000102799000 	/Library/Java/JavaVirtualMachines/jdk1.7.0_17.jdk/Contents/Home/jre/lib/libzip.dylib
0x000000010795a000 	/System/Library/Frameworks/JavaVM.framework/Frameworks/JavaRuntimeSupport.framework/JavaRuntimeSupport
0x0000000107972000 	/System/Library/Frameworks/JavaVM.framework/Versions/A/Frameworks/JavaNativeFoundation.framework/Versions/A/JavaNativeFoundation
0x0000000107987000 	/System/Library/Frameworks/JavaVM.framework/Versions/A/JavaVM
0x000000000a47a000 	/System/Library/Frameworks/Carbon.framework/Versions/A/Carbon
0x0000000107994000 	/System/Library/PrivateFrameworks/JavaLaunching.framework/Versions/A/JavaLaunching
0x000000000a47a000 	/System/Library/Frameworks/Carbon.framework/Versions/A/Frameworks/CommonPanels.framework/Versions/A/CommonPanels
0x000000000a47a000 	/System/Library/Frameworks/Carbon.framework/Versions/A/Frameworks/Help.framework/Versions/A/Help
0x000000000a47a000 	/System/Library/Frameworks/Carbon.framework/Versions/A/Frameworks/ImageCapture.framework/Versions/A/ImageCapture
0x000000000a47a000 	/System/Library/Frameworks/Carbon.framework/Versions/A/Frameworks/OpenScripting.framework/Versions/A/OpenScripting
0x000000000a47a000 	/System/Library/Frameworks/Carbon.framework/Versions/A/Frameworks/Print.framework/Versions/A/Print
0x000000000a47a000 	/System/Library/Frameworks/Carbon.framework/Versions/A/Frameworks/SecurityHI.framework/Versions/A/SecurityHI
0x0000000108212000 	/Applications/IntelliJ IDEA 13 CE.app/bin/libbreakgen64.jnilib
0x0000000108318000 	/Library/Java/JavaVirtualMachines/jdk1.7.0_17.jdk/Contents/Home/jre/lib/libnet.dylib
0x0000000108375000 	/Library/Java/JavaVirtualMachines/jdk1.7.0_17.jdk/Contents/Home/jre/lib/libawt.dylib
0x0000000108424000 	/Library/Java/JavaVirtualMachines/jdk1.7.0_17.jdk/Contents/Home/jre/lib/./libmlib_image.dylib
0x00000001084f0000 	/Library/Java/JavaVirtualMachines/jdk1.7.0_17.jdk/Contents/Home/jre/lib/lwawt/liblwawt.dylib
0x00000001085a2000 	/Library/Java/JavaVirtualMachines/jdk1.7.0_17.jdk/Contents/Home/jre/lib/libosxapp.dylib
0x000000000a47a000 	/System/Library/Frameworks/ExceptionHandling.framework/Versions/A/ExceptionHandling
0x000000000a47a000 	/System/Library/PrivateFrameworks/CoreServicesInternal.framework/Versions/A/CoreServicesInternal
0x000000000a47a000 	/System/Library/PrivateFrameworks/Librarian.framework/Versions/A/Librarian
0x000000000a47a000 	/System/Library/Frameworks/CoreGraphics.framework/Versions/A/Resources/libCGCMS.A.dylib
0x000000000a47a000 	/System/Library/Frameworks/CoreGraphics.framework/Versions/A/Resources/libRIP.A.dylib
0x000000000a47a000 	/System/Library/Frameworks/CoreGraphics.framework/Versions/A/Resources/libCGXType.A.dylib
0x000000000a47a000 	/System/Library/PrivateFrameworks/FamilyControls.framework/Versions/A/FamilyControls
0x000000000a47a000 	/System/Library/PrivateFrameworks/CommerceKit.framework/Versions/A/Frameworks/CommerceCore.framework/Versions/A/CommerceCore
0x000000000a47a000 	/System/Library/PrivateFrameworks/SystemAdministration.framework/Versions/A/SystemAdministration
0x000000000a47a000 	/System/Library/Frameworks/DirectoryService.framework/Versions/A/DirectoryService
0x000000000a47a000 	/System/Library/PrivateFrameworks/DiskImages.framework/Versions/A/DiskImages
0x000000000a47a000 	/System/Library/PrivateFrameworks/LoginUIKit.framework/Versions/A/Frameworks/LoginUICore.framework/Versions/A/LoginUICore
0x000000000a47a000 	/usr/lib/libCoreStorage.dylib
0x000000000a47a000 	/usr/lib/libcsfde.dylib
0x000000000a47a000 	/usr/lib/libodfde.dylib
0x000000000a47a000 	/System/Library/Frameworks/DiscRecording.framework/Versions/A/DiscRecording
0x000000000a47a000 	/usr/lib/libcurl.4.dylib
0x000000000a47a000 	/System/Library/PrivateFrameworks/MediaKit.framework/Versions/A/MediaKit
0x000000000a47a000 	/System/Library/PrivateFrameworks/EFILogin.framework/Versions/A/EFILogin
0x000000000a47a000 	/usr/lib/libutil.dylib
0x000000000a47a000 	/System/Library/PrivateFrameworks/AOSNotification.framework/Versions/A/AOSNotification
0x000000000a47a000 	/System/Library/Frameworks/LDAP.framework/Versions/A/LDAP
0x000000000a47a000 	/usr/lib/libsasl2.2.dylib
0x000000000a47a000 	/usr/lib/libcrypto.0.9.8.dylib
0x000000000a47a000 	/usr/lib/libssl.0.9.8.dylib
0x000000010c713000 	/Library/Java/JavaVirtualMachines/jdk1.7.0_17.jdk/Contents/Home/jre/lib/libfontmanager.dylib
0x000000000a47a000 	/System/Library/Frameworks/OpenGL.framework/Versions/A/Resources/GLEngine.bundle/GLEngine
0x000000000a47a000 	/System/Library/Frameworks/OpenGL.framework/Versions/A/Libraries/libGLProgrammability.dylib
0x0000000000000000 	/System/Library/Extensions/AMDRadeonX3000GLDriver.bundle/Contents/MacOS/AMDRadeonX3000GLDriver
0x000000000a47a000 	/System/Library/PrivateFrameworks/IOAccelerator.framework/Versions/A/IOAccelerator
0x000000000a47a000 	/System/Library/PrivateFrameworks/GPUSupport.framework/Versions/A/Libraries/libGPUSupportMercury.dylib
0x0000000000000000 	/System/Library/Extensions/AppleIntelHD3000GraphicsGLDriver.bundle/Contents/MacOS/AppleIntelHD3000GraphicsGLDriver
0x000000010acb3000 	/System/Library/PrivateFrameworks/GPUSupport.framework/Versions/A/Libraries/libGPUSupport.dylib
0x000000000a47a000 	/System/Library/Frameworks/OpenGL.framework/Versions/A/Resources/GLRendererFloat.bundle/GLRendererFloat
0x000000000a47a000 	/System/Library/Frameworks/OpenCL.framework/Versions/A/Libraries/libcldcpuengine.dylib
0x000000010cee4000 	/Library/Java/JavaVirtualMachines/jdk1.7.0_17.jdk/Contents/Home/jre/lib/libosxui.dylib
0x000000010cdb2000 	cl_kernels
0x000000010e7d9000 	/System/Library/Frameworks/OpenCL.framework/Versions/A/Libraries/ImageFormats/unorm8_bgra.dylib
0x000000010d16d000 	cl_kernels
0x000000010ea37000 	/Library/Java/JavaVirtualMachines/jdk1.7.0_17.jdk/Contents/Home/jre/lib/libnio.dylib

VM Arguments:
jvm_args: -Didea.launcher.port=7534 -Didea.launcher.bin.path=/Applications/IntelliJ IDEA 13 CE.app/bin -Dfile.encoding=UTF-8 
java_command: com.intellij.rt.execution.application.AppMain client.Client
Launcher Type: SUN_STANDARD

Environment Variables:
PATH=/Users/film42/.rvm/gems/ruby-2.0.0-p247/bin:/Users/film42/.rvm/gems/ruby-2.0.0-p247@global/bin:/Users/film42/.rvm/rubies/ruby-2.0.0-p247/bin:/Users/film42/.rvm/bin:/usr/bin:/bin:/usr/sbin:/sbin:/usr/local/bin:/Applications/Postgres.app/Contents/MacOS/bin
SHELL=/bin/zsh

Signal Handlers:
SIGSEGV: [libjvm.dylib+0x4a361d], sa_mask[0]=0xfffefeff, sa_flags=0x00000042
SIGBUS: [libjvm.dylib+0x4a361d], sa_mask[0]=0xfffefeff, sa_flags=0x00000042
SIGFPE: [libjvm.dylib+0x3b302d], sa_mask[0]=0xfffefeff, sa_flags=0x00000042
SIGPIPE: [libjvm.dylib+0x3b302d], sa_mask[0]=0xfffefeff, sa_flags=0x00000042
SIGXFSZ: [libjvm.dylib+0x3b302d], sa_mask[0]=0xfffefeff, sa_flags=0x00000042
SIGILL: [libjvm.dylib+0x3b302d], sa_mask[0]=0xfffefeff, sa_flags=0x00000042
SIGUSR1: SIG_DFL, sa_mask[0]=0x00000000, sa_flags=0x00000002
SIGUSR2: [libjvm.dylib+0x3b2bc6], sa_mask[0]=0x00000004, sa_flags=0x00000042
SIGHUP: [libjvm.dylib+0x3b0e27], sa_mask[0]=0xfffefeff, sa_flags=0x00000042
SIGINT: [libjvm.dylib+0x3b0e27], sa_mask[0]=0xfffefeff, sa_flags=0x00000042
SIGTERM: [libjvm.dylib+0x3b0e27], sa_mask[0]=0xfffefeff, sa_flags=0x00000042
SIGQUIT: [libjvm.dylib+0x3b0e27], sa_mask[0]=0xfffefeff, sa_flags=0x00000042


---------------  S Y S T E M  ---------------

OS:Bsduname:Darwin 13.0.0 Darwin Kernel Version 13.0.0: Thu Sep 19 22:22:27 PDT 2013; root:xnu-2422.1.72~6/RELEASE_X86_64 x86_64
rlimit: STACK 8192k, CORE 0k, NPROC 709, NOFILE 10240, AS infinity
load average:2.34 2.03 1.83

CPU:total 8 (4 cores per cpu, 2 threads per core) family 6 model 42 stepping 7, cmov, cx8, fxsr, mmx, sse, sse2, sse3, ssse3, sse4.1, sse4.2, popcnt, avx, ht, tsc, tscinvbit

Memory: 4k page, physical 393712k(98428k free)

/proc/meminfo:


vm_info: Java HotSpot(TM) 64-Bit Server VM (23.7-b01) for bsd-amd64 JRE (1.7.0_17-b02), built on Mar  1 2013 06:41:23 by "java_re" with gcc 4.2.1 (Based on Apple Inc. build 5658) (LLVM build 2336.11.00)

time: Sat Dec  7 16:18:46 2013
elapsed time: 3 seconds

