#
# A fatal error has been detected by the Java Runtime Environment:
#
#  SIGSEGV (0xb) at pc=0x00007fff8b86d221, pid=7200, tid=43527
#
# JRE version: 7.0_17-b02
# Java VM: Java HotSpot(TM) 64-Bit Server VM (23.7-b01 mixed mode bsd-amd64 compressed oops)
# Problematic frame:
# C  [libGLImage.dylib+0x24221]  storeColor+0x5d1
#
# Failed to write core dump. Core dumps have been disabled. To enable core dumping, try "ulimit -c unlimited" before starting Java again
#
# If you would like to submit a bug report, please visit:
#   http://bugreport.sun.com/bugreport/crash.jsp
# The crash happened outside the Java Virtual Machine in native code.
# See problematic frame for where to report the bug.
#

---------------  T H R E A D  ---------------

Current thread (0x00007ff8418db800):  JavaThread "Java2D Queue Flusher" daemon [_thread_in_native, id=43527, stack(0x0000000112781000,0x0000000112881000)]

siginfo:si_signo=SIGSEGV: si_errno=0, si_code=1 (SEGV_MAPERR), si_addr=0x000000011942b000

Registers:
RAX=0x0000000000000000, RBX=0x00007fff8b86ccd3, RCX=0x000000011942b000, RDX=0x000000011942b004
RSP=0x000000011287f600, RBP=0x000000011287f610, RSI=0x00007fff8b86d208, RDI=0x0000000000000000
R8 =0x000000011287fab8, R9 =0x0000000000000000, R10=0x000000003f800000, R11=0x0000000000000004
R12=0x000000000000000a, R13=0x000000011287fab8, R14=0x00007fff8b86d650, R15=0x0000000000000004
RIP=0x00007fff8b86d221, EFLAGS=0x0000000000010246, ERR=0x0000000000000006
  TRAPNO=0x000000000000000e

Top of Stack: (sp=0x000000011287f600)
0x000000011287f600:   0000000000000090 00000000000003b0
0x000000011287f610:   000000011287fc20 00007fff8b87e05c
0x000000011287f620:   0000000100000000 0000000100000000
0x000000011287f630:   000000013f800000 0000000100000004
0x000000011287f640:   0000000100000001 0000000000000001
0x000000011287f650:   0000000100000000 0000000100000000
0x000000011287f660:   0000000100000000 00007fff00000000
0x000000011287f670:   0000000000000000 0000000000000050
0x000000011287f680:   000000011287fad0 000000011287fa10
0x000000011287f690:   0000000000000000 00007fff7b88bbe0
0x000000011287f6a0:   0000000000000000 000000011287f6c8
0x000000011287f6b0:   00007ff8442c3250 0000000090f58f92
0x000000011287f6c0:   0000000000000000 0000000000000000
0x000000011287f6d0:   00000020441018c8 000000011287f730
0x000000011287f6e0:   00007ff844600338 00007ff844600470
0x000000011287f6f0:   00007ff845806600 0000000000000000
0x000000011287f700:   000000001287f7a0 00007fff8bd5aa34
0x000000011287f710:   0000000000000000 0000000000000000
0x000000011287f720:   0000000000000000 00007fff8bd5aaa4
0x000000011287f730:   0000000000000000 000000011882b000
0x000000011287f740:   0000000112c82fc0 000000010fecc420
0x000000011287f750:   000000011287fc94 0000000000000000
0x000000011287f760:   00007ff844232468 0000000000000000
0x000000011287f770:   000000011287f7a0 00007ff8442c2130
0x000000011287f780:   000000010fecc420 00007ff844232468
0x000000011287f790:   0000000000000400 00007ff8442c2130
0x000000011287f7a0:   000000011287f810 00007fff8e27bf25
0x000000011287f7b0:   0000040000000001 00007ff8442c2158
0x000000011287f7c0:   0000030000000000 0000000000000000
0x000000011287f7d0:   000000011287f810 00001234802221a9
0x000000011287f7e0:   00007ff845806600 00007ff8442c2130
0x000000011287f7f0:   000000011287fe3c 0000000000000001 

Instructions: (pc=0x00007fff8b86d221)
0x00007fff8b86d201:   89 08 e9 7e 03 00 00 f6 c2 02 74 0a 41 0f ca 0f
0x00007fff8b86d211:   cf 0f c8 41 0f c9 49 8b 08 48 8d 51 04 49 89 10
0x00007fff8b86d221:   44 89 09 49 8b 08 48 8d 51 04 49 89 10 89 01 49
0x00007fff8b86d231:   8b 00 48 8d 48 04 49 89 08 89 38 e9 fa 03 00 00 

Register to memory mapping:

RAX=0x0000000000000000 is an unknown value
RBX=0x00007fff8b86ccd3: storeColor+0x83 in /System/Library/Frameworks/OpenGL.framework/Versions/A/Libraries/libGLImage.dylib at 0x00007fff8b849000
RCX=0x000000011942b000 is an unknown value
RDX=0x000000011942b004 is an unknown value
RSP=0x000000011287f600 is pointing into the stack for thread: 0x00007ff8418db800
RBP=0x000000011287f610 is pointing into the stack for thread: 0x00007ff8418db800
RSI=0x00007fff8b86d208: storeColor+0x5b8 in /System/Library/Frameworks/OpenGL.framework/Versions/A/Libraries/libGLImage.dylib at 0x00007fff8b849000
RDI=0x0000000000000000 is an unknown value
R8 =0x000000011287fab8 is pointing into the stack for thread: 0x00007ff8418db800
R9 =0x0000000000000000 is an unknown value
R10=0x000000003f800000 is an unknown value
R11=0x0000000000000004 is an unknown value
R12=0x000000000000000a is an unknown value
R13=0x000000011287fab8 is pointing into the stack for thread: 0x00007ff8418db800
R14=0x00007fff8b86d650: storeColor+0xa00 in /System/Library/Frameworks/OpenGL.framework/Versions/A/Libraries/libGLImage.dylib at 0x00007fff8b849000
R15=0x0000000000000004 is an unknown value


Stack: [0x0000000112781000,0x0000000112881000],  sp=0x000000011287f600,  free space=1017k
Native frames: (J=compiled Java code, j=interpreted, Vv=VM code, C=native code)
C  [libGLImage.dylib+0x24221]  storeColor+0x5d1
C  [libGLImage.dylib+0x3505c]  glgProcessColor+0x4fec
C  [libGLImage.dylib+0x8d73]  __glgProcessPixelsWithProcessor_block_invoke+0x6b
C  [libdispatch.dylib+0x88f8]  _dispatch_client_callout2+0x8
C  [libdispatch.dylib+0x8cca]  _dispatch_apply_serial+0x2a
C  [libdispatch.dylib+0x12ad]  _dispatch_client_callout+0x8
C  [libdispatch.dylib+0x83cf]  _dispatch_sync_f_invoke+0x27
C  [libdispatch.dylib+0x862a]  dispatch_apply_f+0x10b
C  [libGLImage.dylib+0x8ba7]  glgProcessPixelsWithProcessor+0x14c1
C  [AMDRadeonX3000GLDriver+0x1e79a6]  gldPresentFramebufferData+0x21985
C  [AMDRadeonX3000GLDriver+0x21cb78]  gldBlitFramebufferData+0x1e7f0
C  [GLEngine+0x1b92a]  gleDrawPixelsFast+0x2ff9
C  [GLEngine+0x188d4]  glDrawPixels_Exec+0x1c8
C  [liblwawt.dylib+0x2fa7]  OGLBlitLoops_Blit+0x6c2
C  [liblwawt.dylib+0x77f9]  Java_sun_java2d_opengl_OGLRenderQueue_flushBuffer+0x3d1
j  sun.java2d.opengl.OGLRenderQueue.flushBuffer(JI)V+0
j  sun.java2d.opengl.OGLRenderQueue.flushBuffer()V+21
j  sun.java2d.opengl.OGLRenderQueue.access$100(Lsun/java2d/opengl/OGLRenderQueue;)V+1
j  sun.java2d.opengl.OGLRenderQueue$QueueFlusher.run()V+81
v  ~StubRoutines::call_stub
V  [libjvm.dylib+0x28852f]
V  [libjvm.dylib+0x288a0c]
V  [libjvm.dylib+0x288b46]
V  [libjvm.dylib+0x2bf4c0]
V  [libjvm.dylib+0x478294]
V  [libjvm.dylib+0x47977a]
V  [libjvm.dylib+0x3b5191]
C  [libsystem_pthread.dylib+0x1899]  _pthread_body+0x8a
C  [libsystem_pthread.dylib+0x172a]  _pthread_struct_init+0x0
C  [libsystem_pthread.dylib+0x5fc9]  thread_start+0xd

Java frames: (J=compiled Java code, j=interpreted, Vv=VM code)
j  sun.java2d.opengl.OGLRenderQueue.flushBuffer(JI)V+0
j  sun.java2d.opengl.OGLRenderQueue.flushBuffer()V+21
j  sun.java2d.opengl.OGLRenderQueue.access$100(Lsun/java2d/opengl/OGLRenderQueue;)V+1
j  sun.java2d.opengl.OGLRenderQueue$QueueFlusher.run()V+81
v  ~StubRoutines::call_stub

---------------  P R O C E S S  ---------------

Java Threads: ( => current thread )
  0x00007ff84580d800 JavaThread "Java2D Disposer" daemon [_thread_blocked, id=45571, stack(0x0000000112cd6000,0x0000000112dd6000)]
=>0x00007ff8418db800 JavaThread "Java2D Queue Flusher" daemon [_thread_in_native, id=43527, stack(0x0000000112781000,0x0000000112881000)]
  0x00007ff84186a000 JavaThread "DestroyJavaVM" [_thread_blocked, id=5891, stack(0x000000010a0a8000,0x000000010a1a8000)]
  0x00007ff84188b800 JavaThread "AWT-EventQueue-0" [_thread_blocked, id=41987, stack(0x000000011267e000,0x000000011277e000)]
  0x00007ff842901800 JavaThread "AWT-Shutdown" [_thread_blocked, id=17159, stack(0x000000010e4dd000,0x000000010e5dd000)]
  0x00007ff842903000 JavaThread "AppKit Thread" daemon [_thread_in_native, id=1287, stack(0x00007fff57724000,0x00007fff577a4000)]
  0x00007ff8428f4800 JavaThread "Monitor Ctrl-Break" daemon [_thread_in_native, id=15875, stack(0x000000010e134000,0x000000010e234000)]
  0x00007ff84182c800 JavaThread "Service Thread" daemon [_thread_blocked, id=15363, stack(0x000000010dcc8000,0x000000010ddc8000)]
  0x00007ff84182b800 JavaThread "C2 CompilerThread1" daemon [_thread_blocked, id=15107, stack(0x000000010dbc5000,0x000000010dcc5000)]
  0x00007ff842801000 JavaThread "C2 CompilerThread0" daemon [_thread_blocked, id=14851, stack(0x000000010dac2000,0x000000010dbc2000)]
  0x00007ff84182b000 JavaThread "Signal Dispatcher" daemon [_thread_blocked, id=14595, stack(0x000000010d9bf000,0x000000010dabf000)]
  0x00007ff842053000 JavaThread "Finalizer" daemon [_thread_blocked, id=9731, stack(0x000000010d76e000,0x000000010d86e000)]
  0x00007ff842052000 JavaThread "Reference Handler" daemon [_thread_blocked, id=9475, stack(0x000000010d66b000,0x000000010d76b000)]

Other Threads:
  0x00007ff84204f800 VMThread [stack: 0x000000010d568000,0x000000010d668000] [id=9219]
  0x00007ff841813800 WatcherThread [stack: 0x000000010ddcb000,0x000000010decb000] [id=15619]

VM state:not at safepoint (normal execution)

VM Mutex/Monitor currently owned by a thread: None

Heap
 def new generation   total 2112K, used 976K [0x00000007f3000000, 0x00000007f3240000, 0x00000007f5a00000)
  eden space 1920K,  40% used [0x00000007f3000000, 0x00000007f30c41b0, 0x00000007f31e0000)
  from space 192K,  99% used [0x00000007f31e0000, 0x00000007f320fff8, 0x00000007f3210000)
  to   space 192K,   0% used [0x00000007f3210000, 0x00000007f3210000, 0x00000007f3240000)
 tenured generation   total 7216K, used 5497K [0x00000007f5a00000, 0x00000007f610c000, 0x00000007fae00000)
   the space 7216K,  76% used [0x00000007f5a00000, 0x00000007f5f5e478, 0x00000007f5f5e600, 0x00000007f610c000)
 compacting perm gen  total 21248K, used 10649K [0x00000007fae00000, 0x00000007fc2c0000, 0x0000000800000000)
   the space 21248K,  50% used [0x00000007fae00000, 0x00000007fb866698, 0x00000007fb866800, 0x00000007fc2c0000)
No shared spaces configured.

Card table byte_map: [0x000000010d26a000,0x000000010d2d3000] byte_map_base: 0x00000001092d2000

Polling page: 0x00000001085aa000

Code Cache  [0x000000010a1aa000, 0x000000010a41a000, 0x000000010d1aa000)
 total_blobs=473 nmethods=46 adapters=380 free_code_cache=48535Kb largest_free_block=49681536

Compilation events (10 events):
Event: 1.742 Thread 0x00007ff84182b800 nmethod 41 0x000000010a2353d0 code [0x000000010a235520, 0x000000010a235608]
Event: 1.742 Thread 0x00007ff84182b800   42             java.lang.String::indexOf (7 bytes)
Event: 1.743 Thread 0x00007ff84182b800 nmethod 42 0x000000010a2331d0 code [0x000000010a233320, 0x000000010a233408]
Event: 1.745 Thread 0x00007ff842801000 nmethod 40 0x000000010a2328d0 code [0x000000010a232a40, 0x000000010a233018]
Event: 1.745 Thread 0x00007ff84182b800   43             java.lang.Math::min (11 bytes)
Event: 1.746 Thread 0x00007ff84182b800 nmethod 43 0x000000010a233b10 code [0x000000010a233c40, 0x000000010a233c78]
Event: 1.791 Thread 0x00007ff842801000   44             java.util.Arrays::binarySearch0 (95 bytes)
Event: 1.791 Thread 0x00007ff84182b800   45             sun.java2d.loops.GraphicsPrimitiveMgr$2::compare (39 bytes)
Event: 1.792 Thread 0x00007ff84182b800 nmethod 45 0x000000010a241c50 code [0x000000010a241da0, 0x000000010a241e98]
Event: 1.793 Thread 0x00007ff842801000 nmethod 44 0x000000010a243290 code [0x000000010a2433e0, 0x000000010a243598]

GC Heap History (10 events):
Event: 1.132 GC heap before
{Heap before GC invocations=28 (full 0):
 def new generation   total 2112K, used 1920K [0x00000007f3000000, 0x00000007f3240000, 0x00000007f5a00000)
  eden space 1920K, 100% used [0x00000007f3000000, 0x00000007f31e0000, 0x00000007f31e0000)
  from space 192K,   0% used [0x00000007f3210000, 0x00000007f3210000, 0x00000007f3240000)
  to   space 192K,   0% used [0x00000007f31e0000, 0x00000007f31e0000, 0x00000007f3210000)
 tenured generation   total 4480K, used 1848K [0x00000007f5a00000, 0x00000007f5e60000, 0x00000007fae00000)
   the space 4480K,  41% used [0x00000007f5a00000, 0x00000007f5bce3a0, 0x00000007f5bce400, 0x00000007f5e60000)
 compacting perm gen  total 21248K, used 8865K [0x00000007fae00000, 0x00000007fc2c0000, 0x0000000800000000)
   the space 21248K,  41% used [0x00000007fae00000, 0x00000007fb6a8528, 0x00000007fb6a8600, 0x00000007fc2c0000)
No shared spaces configured.
Event: 1.133 GC heap after
Heap after GC invocations=29 (full 0):
 def new generation   total 2112K, used 0K [0x00000007f3000000, 0x00000007f3240000, 0x00000007f5a00000)
  eden space 1920K,   0% used [0x00000007f3000000, 0x00000007f3000000, 0x00000007f31e0000)
  from space 192K,   0% used [0x00000007f31e0000, 0x00000007f31e0018, 0x00000007f3210000)
  to   space 192K,   0% used [0x00000007f3210000, 0x00000007f3210000, 0x00000007f3240000)
 tenured generation   total 4480K, used 1848K [0x00000007f5a00000, 0x00000007f5e60000, 0x00000007fae00000)
   the space 4480K,  41% used [0x00000007f5a00000, 0x00000007f5bce3a0, 0x00000007f5bce400, 0x00000007f5e60000)
 compacting perm gen  total 21248K, used 8865K [0x00000007fae00000, 0x00000007fc2c0000, 0x0000000800000000)
   the space 21248K,  41% used [0x00000007fae00000, 0x00000007fb6a8528, 0x00000007fb6a8600, 0x00000007fc2c0000)
No shared spaces configured.
}
Event: 1.135 GC heap before
{Heap before GC invocations=29 (full 0):
 def new generation   total 2112K, used 1920K [0x00000007f3000000, 0x00000007f3240000, 0x00000007f5a00000)
  eden space 1920K, 100% used [0x00000007f3000000, 0x00000007f31e0000, 0x00000007f31e0000)
  from space 192K,   0% used [0x00000007f31e0000, 0x00000007f31e0018, 0x00000007f3210000)
  to   space 192K,   0% used [0x00000007f3210000, 0x00000007f3210000, 0x00000007f3240000)
 tenured generation   total 4480K, used 1848K [0x00000007f5a00000, 0x00000007f5e60000, 0x00000007fae00000)
   the space 4480K,  41% used [0x00000007f5a00000, 0x00000007f5bce3a0, 0x00000007f5bce400, 0x00000007f5e60000)
 compacting perm gen  total 21248K, used 8865K [0x00000007fae00000, 0x00000007fc2c0000, 0x0000000800000000)
   the space 21248K,  41% used [0x00000007fae00000, 0x00000007fb6a8528, 0x00000007fb6a8600, 0x00000007fc2c0000)
No shared spaces configured.
Event: 1.136 GC heap after
Heap after GC invocations=30 (full 0):
 def new generation   total 2112K, used 0K [0x00000007f3000000, 0x00000007f3240000, 0x00000007f5a00000)
  eden space 1920K,   0% used [0x00000007f3000000, 0x00000007f3000000, 0x00000007f31e0000)
  from space 192K,   0% used [0x00000007f3210000, 0x00000007f3210000, 0x00000007f3240000)
  to   space 192K,   0% used [0x00000007f31e0000, 0x00000007f31e0000, 0x00000007f3210000)
 tenured generation   total 4480K, used 1848K [0x00000007f5a00000, 0x00000007f5e60000, 0x00000007fae00000)
   the space 4480K,  41% used [0x00000007f5a00000, 0x00000007f5bce3a0, 0x00000007f5bce400, 0x00000007f5e60000)
 compacting perm gen  total 21248K, used 8865K [0x00000007fae00000, 0x00000007fc2c0000, 0x0000000800000000)
   the space 21248K,  41% used [0x00000007fae00000, 0x00000007fb6a8528, 0x00000007fb6a8600, 0x00000007fc2c0000)
No shared spaces configured.
}
Event: 1.139 GC heap before
{Heap before GC invocations=30 (full 0):
 def new generation   total 2112K, used 1920K [0x00000007f3000000, 0x00000007f3240000, 0x00000007f5a00000)
  eden space 1920K, 100% used [0x00000007f3000000, 0x00000007f31e0000, 0x00000007f31e0000)
  from space 192K,   0% used [0x00000007f3210000, 0x00000007f3210000, 0x00000007f3240000)
  to   space 192K,   0% used [0x00000007f31e0000, 0x00000007f31e0000, 0x00000007f3210000)
 tenured generation   total 4480K, used 1848K [0x00000007f5a00000, 0x00000007f5e60000, 0x00000007fae00000)
   the space 4480K,  41% used [0x00000007f5a00000, 0x00000007f5bce3a0, 0x00000007f5bce400, 0x00000007f5e60000)
 compacting perm gen  total 21248K, used 8865K [0x00000007fae00000, 0x00000007fc2c0000, 0x0000000800000000)
   the space 21248K,  41% used [0x00000007fae00000, 0x00000007fb6a8528, 0x00000007fb6a8600, 0x00000007fc2c0000)
No shared spaces configured.
Event: 1.139 GC heap after
Heap after GC invocations=31 (full 0):
 def new generation   total 2112K, used 0K [0x00000007f3000000, 0x00000007f3240000, 0x00000007f5a00000)
  eden space 1920K,   0% used [0x00000007f3000000, 0x00000007f3000000, 0x00000007f31e0000)
  from space 192K,   0% used [0x00000007f31e0000, 0x00000007f31e0000, 0x00000007f3210000)
  to   space 192K,   0% used [0x00000007f3210000, 0x00000007f3210000, 0x00000007f3240000)
 tenured generation   total 4480K, used 1848K [0x00000007f5a00000, 0x00000007f5e60000, 0x00000007fae00000)
   the space 4480K,  41% used [0x00000007f5a00000, 0x00000007f5bce3a0, 0x00000007f5bce400, 0x00000007f5e60000)
 compacting perm gen  total 21248K, used 8865K [0x00000007fae00000, 0x00000007fc2c0000, 0x0000000800000000)
   the space 21248K,  41% used [0x00000007fae00000, 0x00000007fb6a8528, 0x00000007fb6a8600, 0x00000007fc2c0000)
No shared spaces configured.
}
Event: 1.192 GC heap before
{Heap before GC invocations=31 (full 0):
 def new generation   total 2112K, used 775K [0x00000007f3000000, 0x00000007f3240000, 0x00000007f5a00000)
  eden space 1920K,  40% used [0x00000007f3000000, 0x00000007f30c1d90, 0x00000007f31e0000)
  from space 192K,   0% used [0x00000007f31e0000, 0x00000007f31e0000, 0x00000007f3210000)
  to   space 192K,   0% used [0x00000007f3210000, 0x00000007f3210000, 0x00000007f3240000)
 tenured generation   total 4480K, used 1848K [0x00000007f5a00000, 0x00000007f5e60000, 0x00000007fae00000)
   the space 4480K,  41% used [0x00000007f5a00000, 0x00000007f5bce3a0, 0x00000007f5bce400, 0x00000007f5e60000)
 compacting perm gen  total 21248K, used 9538K [0x00000007fae00000, 0x00000007fc2c0000, 0x0000000800000000)
   the space 21248K,  44% used [0x00000007fae00000, 0x00000007fb7508c0, 0x00000007fb750a00, 0x00000007fc2c0000)
No shared spaces configured.
Event: 1.209 GC heap after
Heap after GC invocations=32 (full 1):
 def new generation   total 2112K, used 0K [0x00000007f3000000, 0x00000007f3240000, 0x00000007f5a00000)
  eden space 1920K,   0% used [0x00000007f3000000, 0x00000007f3000000, 0x00000007f31e0000)
  from space 192K,   0% used [0x00000007f3210000, 0x00000007f3210000, 0x00000007f3240000)
  to   space 192K,   0% used [0x00000007f31e0000, 0x00000007f31e0000, 0x00000007f3210000)
 tenured generation   total 4480K, used 1883K [0x00000007f5a00000, 0x00000007f5e60000, 0x00000007fae00000)
   the space 4480K,  42% used [0x00000007f5a00000, 0x00000007f5bd6f18, 0x00000007f5bd7000, 0x00000007f5e60000)
 compacting perm gen  total 21248K, used 9538K [0x00000007fae00000, 0x00000007fc2c0000, 0x0000000800000000)
   the space 21248K,  44% used [0x00000007fae00000, 0x00000007fb7508c0, 0x00000007fb750a00, 0x00000007fc2c0000)
No shared spaces configured.
}
Event: 1.817 GC heap before
{Heap before GC invocations=32 (full 1):
 def new generation   total 2112K, used 1744K [0x00000007f3000000, 0x00000007f3240000, 0x00000007f5a00000)
  eden space 1920K,  90% used [0x00000007f3000000, 0x00000007f31b4080, 0x00000007f31e0000)
  from space 192K,   0% used [0x00000007f3210000, 0x00000007f3210000, 0x00000007f3240000)
  to   space 192K,   0% used [0x00000007f31e0000, 0x00000007f31e0000, 0x00000007f3210000)
 tenured generation   total 7216K, used 4618K [0x00000007f5a00000, 0x00000007f610c000, 0x00000007fae00000)
   the space 7216K,  63% used [0x00000007f5a00000, 0x00000007f5e828a8, 0x00000007f5e82a00, 0x00000007f610c000)
 compacting perm gen  total 21248K, used 10633K [0x00000007fae00000, 0x00000007fc2c0000, 0x0000000800000000)
   the space 21248K,  50% used [0x00000007fae00000, 0x00000007fb862580, 0x00000007fb862600, 0x00000007fc2c0000)
No shared spaces configured.
Event: 1.823 GC heap after
Heap after GC invocations=33 (full 1):
 def new generation   total 2112K, used 191K [0x00000007f3000000, 0x00000007f3240000, 0x00000007f5a00000)
  eden space 1920K,   0% used [0x00000007f3000000, 0x00000007f3000000, 0x00000007f31e0000)
  from space 192K,  99% used [0x00000007f31e0000, 0x00000007f320fff8, 0x00000007f3210000)
  to   space 192K,   0% used [0x00000007f3210000, 0x00000007f3210000, 0x00000007f3240000)
 tenured generation   total 7216K, used 5497K [0x00000007f5a00000, 0x00000007f610c000, 0x00000007fae00000)
   the space 7216K,  76% used [0x00000007f5a00000, 0x00000007f5f5e478, 0x00000007f5f5e600, 0x00000007f610c000)
 compacting perm gen  total 21248K, used 10633K [0x00000007fae00000, 0x00000007fc2c0000, 0x0000000800000000)
   the space 21248K,  50% used [0x00000007fae00000, 0x00000007fb862580, 0x00000007fb862600, 0x00000007fc2c0000)
No shared spaces configured.
}

Deoptimization events (0 events):
No events

Internal exceptions (10 events):
Event: 0.818 Thread 0x00007ff84188b800 Threw 0x00000007f30214d0 at /HUDSON/workspace/jdk7u17-2-build-macosx-amd64-product/jdk7u17/hotspot/src/share/vm/prims/jvm.cpp:1166
Event: 0.818 Thread 0x00007ff84188b800 Threw 0x00000007f30216f8 at /HUDSON/workspace/jdk7u17-2-build-macosx-amd64-product/jdk7u17/hotspot/src/share/vm/prims/jvm.cpp:1166
Event: 0.819 Thread 0x00007ff84188b800 Threw 0x00000007f3027f78 at /HUDSON/workspace/jdk7u17-2-build-macosx-amd64-product/jdk7u17/hotspot/src/share/vm/prims/jvm.cpp:1166
Event: 0.819 Thread 0x00007ff84188b800 Threw 0x00000007f302b808 at /HUDSON/workspace/jdk7u17-2-build-macosx-amd64-product/jdk7u17/hotspot/src/share/vm/prims/jvm.cpp:1166
Event: 0.821 Thread 0x00007ff84188b800 Threw 0x00000007f303ad18 at /HUDSON/workspace/jdk7u17-2-build-macosx-amd64-product/jdk7u17/hotspot/src/share/vm/prims/jvm.cpp:1166
Event: 0.821 Thread 0x00007ff84188b800 Threw 0x00000007f303f640 at /HUDSON/workspace/jdk7u17-2-build-macosx-amd64-product/jdk7u17/hotspot/src/share/vm/prims/jvm.cpp:1166
Event: 0.868 Thread 0x00007ff84188b800 Threw 0x00000007f3088f70 at /HUDSON/workspace/jdk7u17-2-build-macosx-amd64-product/jdk7u17/hotspot/src/share/vm/prims/jvm.cpp:1166
Event: 0.869 Thread 0x00007ff84188b800 Threw 0x00000007f308fca0 at /HUDSON/workspace/jdk7u17-2-build-macosx-amd64-product/jdk7u17/hotspot/src/share/vm/prims/jvm.cpp:1166
Event: 0.875 Thread 0x00007ff84188b800 Threw 0x00000007f30a2b80 at /HUDSON/workspace/jdk7u17-2-build-macosx-amd64-product/jdk7u17/hotspot/src/share/vm/prims/jvm.cpp:1166
Event: 0.876 Thread 0x00007ff84188b800 Threw 0x00000007f30aac88 at /HUDSON/workspace/jdk7u17-2-build-macosx-amd64-product/jdk7u17/hotspot/src/share/vm/prims/jvm.cpp:1166

Events (10 events):
Event: 1.825 loading class 0x00007ff84423bc40
Event: 1.826 loading class 0x00007ff84423bc40 done
Event: 1.826 loading class 0x00007ff84423ad40
Event: 1.826 loading class 0x00007ff84423ad40 done
Event: 1.826 loading class 0x00007ff84170b460
Event: 1.826 loading class 0x00007ff84170b460 done
Event: 1.826 loading class 0x00007ff84170b490
Event: 1.826 loading class 0x00007ff84170b490 done
Event: 1.826 loading class 0x00007ff841661ac0
Event: 1.827 loading class 0x00007ff841661ac0 done


Dynamic libraries:
0x000000000a47a000 	/System/Library/Frameworks/Cocoa.framework/Versions/A/Cocoa
0x000000000a47a000 	/System/Library/Frameworks/Security.framework/Versions/A/Security
0x000000000a47a000 	/System/Library/Frameworks/ApplicationServices.framework/Versions/A/ApplicationServices
0x000000000a47a000 	/usr/lib/libz.1.dylib
0x000000000a47a000 	/usr/lib/libSystem.B.dylib
0x000000000a47a000 	/usr/lib/libobjc.A.dylib
0x000000000a47a000 	/System/Library/Frameworks/CoreFoundation.framework/Versions/A/CoreFoundation
0x000000000a47a000 	/System/Library/Frameworks/AppKit.framework/Versions/C/AppKit
0x000000000a47a000 	/System/Library/Frameworks/CoreData.framework/Versions/A/CoreData
0x000000000a47a000 	/System/Library/Frameworks/Foundation.framework/Versions/C/Foundation
0x000000000a47a000 	/System/Library/PrivateFrameworks/RemoteViewServices.framework/Versions/A/RemoteViewServices
0x000000000a47a000 	/System/Library/Frameworks/AudioToolbox.framework/Versions/A/AudioToolbox
0x000000000a47a000 	/System/Library/Frameworks/AudioUnit.framework/Versions/A/AudioUnit
0x000000000a47a000 	/System/Library/PrivateFrameworks/DataDetectorsCore.framework/Versions/A/DataDetectorsCore
0x000000000a47a000 	/System/Library/PrivateFrameworks/DesktopServicesPriv.framework/Versions/A/DesktopServicesPriv
0x000000000a47a000 	/System/Library/Frameworks/Carbon.framework/Versions/A/Frameworks/HIToolbox.framework/Versions/A/HIToolbox
0x000000000a47a000 	/System/Library/Frameworks/QuartzCore.framework/Versions/A/QuartzCore
0x000000000a47a000 	/System/Library/Frameworks/Carbon.framework/Versions/A/Frameworks/SpeechRecognition.framework/Versions/A/SpeechRecognition
0x000000000a47a000 	/usr/lib/libauto.dylib
0x000000000a47a000 	/usr/lib/libicucore.A.dylib
0x000000000a47a000 	/usr/lib/libxml2.2.dylib
0x000000000a47a000 	/System/Library/PrivateFrameworks/CoreUI.framework/Versions/A/CoreUI
0x000000000a47a000 	/System/Library/Frameworks/CoreAudio.framework/Versions/A/CoreAudio
0x000000000a47a000 	/System/Library/Frameworks/DiskArbitration.framework/Versions/A/DiskArbitration
0x000000000a47a000 	/usr/lib/liblangid.dylib
0x000000000a47a000 	/System/Library/PrivateFrameworks/MultitouchSupport.framework/Versions/A/MultitouchSupport
0x000000000a47a000 	/System/Library/Frameworks/IOKit.framework/Versions/A/IOKit
0x000000000a47a000 	/usr/lib/libDiagnosticMessagesClient.dylib
0x000000000a47a000 	/System/Library/Frameworks/CoreServices.framework/Versions/A/CoreServices
0x000000000a47a000 	/System/Library/PrivateFrameworks/PerformanceAnalysis.framework/Versions/A/PerformanceAnalysis
0x000000000a47a000 	/System/Library/PrivateFrameworks/GenerationalStorage.framework/Versions/A/GenerationalStorage
0x000000000a47a000 	/System/Library/Frameworks/OpenGL.framework/Versions/A/OpenGL
0x000000000a47a000 	/System/Library/PrivateFrameworks/Sharing.framework/Versions/A/Sharing
0x000000000a47a000 	/System/Library/Frameworks/ImageIO.framework/Versions/A/ImageIO
0x000000000a47a000 	/System/Library/Frameworks/CoreText.framework/Versions/A/CoreText
0x000000000a47a000 	/System/Library/Frameworks/CoreGraphics.framework/Versions/A/CoreGraphics
0x000000000a47a000 	/System/Library/PrivateFrameworks/Backup.framework/Versions/A/Backup
0x000000000a47a000 	/System/Library/Frameworks/CFNetwork.framework/Versions/A/CFNetwork
0x000000000a47a000 	/System/Library/Frameworks/SystemConfiguration.framework/Versions/A/SystemConfiguration
0x000000000a47a000 	/usr/lib/libCRFSuite.dylib
0x000000000a47a000 	/usr/lib/libc++.1.dylib
0x000000000a47a000 	/usr/lib/libc++abi.dylib
0x000000000a47a000 	/usr/lib/system/libcache.dylib
0x000000000a47a000 	/usr/lib/system/libcommonCrypto.dylib
0x000000000a47a000 	/usr/lib/system/libcompiler_rt.dylib
0x000000000a47a000 	/usr/lib/system/libcopyfile.dylib
0x000000000a47a000 	/usr/lib/system/libcorecrypto.dylib
0x000000000a47a000 	/usr/lib/system/libdispatch.dylib
0x000000000a47a000 	/usr/lib/system/libdyld.dylib
0x000000000a47a000 	/usr/lib/system/libkeymgr.dylib
0x000000000a47a000 	/usr/lib/system/liblaunch.dylib
0x000000000a47a000 	/usr/lib/system/libmacho.dylib
0x000000000a47a000 	/usr/lib/system/libquarantine.dylib
0x000000000a47a000 	/usr/lib/system/libremovefile.dylib
0x000000000a47a000 	/usr/lib/system/libsystem_asl.dylib
0x000000000a47a000 	/usr/lib/system/libsystem_blocks.dylib
0x000000000a47a000 	/usr/lib/system/libsystem_c.dylib
0x000000000a47a000 	/usr/lib/system/libsystem_configuration.dylib
0x000000000a47a000 	/usr/lib/system/libsystem_dnssd.dylib
0x000000000a47a000 	/usr/lib/system/libsystem_info.dylib
0x000000000a47a000 	/usr/lib/system/libsystem_kernel.dylib
0x000000000a47a000 	/usr/lib/system/libsystem_m.dylib
0x000000000a47a000 	/usr/lib/system/libsystem_malloc.dylib
0x000000000a47a000 	/usr/lib/system/libsystem_network.dylib
0x000000000a47a000 	/usr/lib/system/libsystem_notify.dylib
0x000000000a47a000 	/usr/lib/system/libsystem_platform.dylib
0x000000000a47a000 	/usr/lib/system/libsystem_pthread.dylib
0x000000000a47a000 	/usr/lib/system/libsystem_sandbox.dylib
0x000000000a47a000 	/usr/lib/system/libsystem_stats.dylib
0x000000000a47a000 	/usr/lib/system/libunc.dylib
0x000000000a47a000 	/usr/lib/system/libunwind.dylib
0x000000000a47a000 	/usr/lib/system/libxpc.dylib
0x000000000a47a000 	/usr/lib/libbsm.0.dylib
0x000000000a47a000 	/usr/lib/libsqlite3.dylib
0x000000000a47a000 	/usr/lib/libxar.1.dylib
0x000000000a47a000 	/usr/lib/libpam.2.dylib
0x000000000a47a000 	/usr/lib/libOpenScriptingUtil.dylib
0x000000000a47a000 	/usr/lib/libbz2.1.0.dylib
0x000000000a47a000 	/System/Library/Frameworks/CoreServices.framework/Versions/A/Frameworks/CarbonCore.framework/Versions/A/CarbonCore
0x000000000a47a000 	/System/Library/Frameworks/CoreServices.framework/Versions/A/Frameworks/Metadata.framework/Versions/A/Metadata
0x000000000a47a000 	/System/Library/Frameworks/CoreServices.framework/Versions/A/Frameworks/OSServices.framework/Versions/A/OSServices
0x000000000a47a000 	/System/Library/Frameworks/CoreServices.framework/Versions/A/Frameworks/SearchKit.framework/Versions/A/SearchKit
0x000000000a47a000 	/System/Library/Frameworks/CoreServices.framework/Versions/A/Frameworks/AE.framework/Versions/A/AE
0x000000000a47a000 	/System/Library/Frameworks/CoreServices.framework/Versions/A/Frameworks/LaunchServices.framework/Versions/A/LaunchServices
0x000000000a47a000 	/System/Library/Frameworks/CoreServices.framework/Versions/A/Frameworks/DictionaryServices.framework/Versions/A/DictionaryServices
0x000000000a47a000 	/System/Library/Frameworks/NetFS.framework/Versions/A/NetFS
0x000000000a47a000 	/usr/lib/system/libkxld.dylib
0x000000000a47a000 	/System/Library/PrivateFrameworks/NetAuth.framework/Versions/A/NetAuth
0x000000000a47a000 	/System/Library/PrivateFrameworks/TCC.framework/Versions/A/TCC
0x000000000a47a000 	/System/Library/Frameworks/OpenDirectory.framework/Versions/A/Frameworks/CFOpenDirectory.framework/Versions/A/CFOpenDirectory
0x000000000a47a000 	/System/Library/Frameworks/ServiceManagement.framework/Versions/A/ServiceManagement
0x000000000a47a000 	/usr/lib/libxslt.1.dylib
0x000000000a47a000 	/System/Library/Frameworks/Carbon.framework/Versions/A/Frameworks/Ink.framework/Versions/A/Ink
0x000000000a47a000 	/System/Library/Frameworks/ApplicationServices.framework/Versions/A/Frameworks/ATS.framework/Versions/A/ATS
0x000000000a47a000 	/System/Library/Frameworks/ApplicationServices.framework/Versions/A/Frameworks/ColorSync.framework/Versions/A/ColorSync
0x000000000a47a000 	/System/Library/Frameworks/ApplicationServices.framework/Versions/A/Frameworks/HIServices.framework/Versions/A/HIServices
0x000000000a47a000 	/System/Library/Frameworks/ApplicationServices.framework/Versions/A/Frameworks/LangAnalysis.framework/Versions/A/LangAnalysis
0x000000000a47a000 	/System/Library/Frameworks/ApplicationServices.framework/Versions/A/Frameworks/PrintCore.framework/Versions/A/PrintCore
0x000000000a47a000 	/System/Library/Frameworks/ApplicationServices.framework/Versions/A/Frameworks/QD.framework/Versions/A/QD
0x000000000a47a000 	/System/Library/Frameworks/ApplicationServices.framework/Versions/A/Frameworks/SpeechSynthesis.framework/Versions/A/SpeechSynthesis
0x000000000a47a000 	/System/Library/Frameworks/IOSurface.framework/Versions/A/IOSurface
0x000000000a47a000 	/System/Library/Frameworks/Accelerate.framework/Versions/A/Accelerate
0x000000000a47a000 	/System/Library/Frameworks/Accelerate.framework/Versions/A/Frameworks/vImage.framework/Versions/A/vImage
0x000000000a47a000 	/System/Library/Frameworks/Accelerate.framework/Versions/A/Frameworks/vecLib.framework/Versions/A/vecLib
0x000000000a47a000 	/System/Library/Frameworks/Accelerate.framework/Versions/A/Frameworks/vecLib.framework/Versions/A/libvDSP.dylib
0x000000000a47a000 	/System/Library/Frameworks/Accelerate.framework/Versions/A/Frameworks/vecLib.framework/Versions/A/libvMisc.dylib
0x000000000a47a000 	/System/Library/Frameworks/Accelerate.framework/Versions/A/Frameworks/vecLib.framework/Versions/A/libLAPACK.dylib
0x000000000a47a000 	/System/Library/Frameworks/Accelerate.framework/Versions/A/Frameworks/vecLib.framework/Versions/A/libBLAS.dylib
0x000000000a47a000 	/System/Library/Frameworks/ApplicationServices.framework/Versions/A/Frameworks/ATS.framework/Versions/A/Resources/libFontParser.dylib
0x000000000a47a000 	/System/Library/Frameworks/ApplicationServices.framework/Versions/A/Frameworks/ATS.framework/Versions/A/Resources/libFontRegistry.dylib
0x000000000a47a000 	/System/Library/Frameworks/ImageIO.framework/Versions/A/Resources/libJPEG.dylib
0x000000000a47a000 	/System/Library/Frameworks/ImageIO.framework/Versions/A/Resources/libTIFF.dylib
0x000000000a47a000 	/System/Library/Frameworks/ImageIO.framework/Versions/A/Resources/libPng.dylib
0x000000000a47a000 	/System/Library/Frameworks/ImageIO.framework/Versions/A/Resources/libGIF.dylib
0x000000000a47a000 	/System/Library/Frameworks/ImageIO.framework/Versions/A/Resources/libJP2.dylib
0x000000000a47a000 	/System/Library/Frameworks/ImageIO.framework/Versions/A/Resources/libRadiance.dylib
0x000000000a47a000 	/usr/lib/libcups.2.dylib
0x000000000a47a000 	/System/Library/Frameworks/Kerberos.framework/Versions/A/Kerberos
0x000000000a47a000 	/System/Library/Frameworks/GSS.framework/Versions/A/GSS
0x000000000a47a000 	/usr/lib/libresolv.9.dylib
0x000000000a47a000 	/usr/lib/libiconv.2.dylib
0x000000000a47a000 	/System/Library/PrivateFrameworks/Heimdal.framework/Versions/A/Heimdal
0x000000000a47a000 	/System/Library/PrivateFrameworks/TrustEvaluationAgent.framework/Versions/A/TrustEvaluationAgent
0x000000000a47a000 	/usr/lib/libheimdal-asn1.dylib
0x000000000a47a000 	/System/Library/Frameworks/OpenDirectory.framework/Versions/A/OpenDirectory
0x000000000a47a000 	/System/Library/PrivateFrameworks/CommonAuth.framework/Versions/A/CommonAuth
0x000000000a47a000 	/System/Library/Frameworks/SecurityFoundation.framework/Versions/A/SecurityFoundation
0x000000000a47a000 	/System/Library/PrivateFrameworks/Bom.framework/Versions/A/Bom
0x000000000a47a000 	/System/Library/Frameworks/CoreVideo.framework/Versions/A/CoreVideo
0x000000000a47a000 	/System/Library/Frameworks/QuartzCore.framework/Versions/A/Frameworks/CoreImage.framework/Versions/A/CoreImage
0x000000000a47a000 	/System/Library/Frameworks/QuartzCore.framework/Versions/A/Frameworks/ScalableUserInterface.framework/Versions/A/ScalableUserInterface
0x000000000a47a000 	/System/Library/Frameworks/OpenGL.framework/Versions/A/Libraries/libGLU.dylib
0x000000000a47a000 	/System/Library/Frameworks/OpenGL.framework/Versions/A/Libraries/libGFXShared.dylib
0x000000000a47a000 	/System/Library/Frameworks/OpenGL.framework/Versions/A/Libraries/libGL.dylib
0x000000000a47a000 	/System/Library/Frameworks/OpenGL.framework/Versions/A/Libraries/libGLImage.dylib
0x000000000a47a000 	/System/Library/Frameworks/OpenGL.framework/Versions/A/Libraries/libCVMSPluginSupport.dylib
0x000000000a47a000 	/System/Library/Frameworks/OpenGL.framework/Versions/A/Libraries/libCoreVMClient.dylib
0x000000000a47a000 	/System/Library/PrivateFrameworks/FaceCore.framework/Versions/A/FaceCore
0x000000000a47a000 	/System/Library/PrivateFrameworks/CrashReporterSupport.framework/Versions/A/CrashReporterSupport
0x000000000a47a000 	/System/Library/Frameworks/OpenCL.framework/Versions/A/OpenCL
0x000000000a47a000 	/System/Library/PrivateFrameworks/AppleFSCompression.framework/Versions/A/AppleFSCompression
0x000000000a47a000 	/System/Library/PrivateFrameworks/Ubiquity.framework/Versions/A/Ubiquity
0x000000000a47a000 	/System/Library/PrivateFrameworks/IconServices.framework/Versions/A/IconServices
0x000000000a47a000 	/System/Library/PrivateFrameworks/ChunkingLibrary.framework/Versions/A/ChunkingLibrary
0x000000000a47a000 	/System/Library/PrivateFrameworks/CoreSymbolication.framework/Versions/A/CoreSymbolication
0x000000000a47a000 	/System/Library/PrivateFrameworks/Symbolication.framework/Versions/A/Symbolication
0x000000000a47a000 	/System/Library/PrivateFrameworks/DebugSymbols.framework/Versions/A/DebugSymbols
0x0000000109600000 	/Library/Java/JavaVirtualMachines/jdk1.7.0_17.jdk/Contents/Home/jre/lib/server/libjvm.dylib
0x000000000a47a000 	/usr/lib/libstdc++.6.dylib
0x000000010856d000 	/Library/Java/JavaVirtualMachines/jdk1.7.0_17.jdk/Contents/Home/jre/lib/libverify.dylib
0x000000010857a000 	/Library/Java/JavaVirtualMachines/jdk1.7.0_17.jdk/Contents/Home/jre/lib/libjava.dylib
0x00000001085b4000 	/Library/Java/JavaVirtualMachines/jdk1.7.0_17.jdk/Contents/Home/jre/lib/libzip.dylib
0x000000010d870000 	/System/Library/Frameworks/JavaVM.framework/Frameworks/JavaRuntimeSupport.framework/JavaRuntimeSupport
0x000000010d888000 	/System/Library/Frameworks/JavaVM.framework/Versions/A/Frameworks/JavaNativeFoundation.framework/Versions/A/JavaNativeFoundation
0x000000010d89d000 	/System/Library/Frameworks/JavaVM.framework/Versions/A/JavaVM
0x000000000a47a000 	/System/Library/Frameworks/Carbon.framework/Versions/A/Carbon
0x000000010d8aa000 	/System/Library/PrivateFrameworks/JavaLaunching.framework/Versions/A/JavaLaunching
0x000000000a47a000 	/System/Library/Frameworks/Carbon.framework/Versions/A/Frameworks/CommonPanels.framework/Versions/A/CommonPanels
0x000000000a47a000 	/System/Library/Frameworks/Carbon.framework/Versions/A/Frameworks/Help.framework/Versions/A/Help
0x000000000a47a000 	/System/Library/Frameworks/Carbon.framework/Versions/A/Frameworks/ImageCapture.framework/Versions/A/ImageCapture
0x000000000a47a000 	/System/Library/Frameworks/Carbon.framework/Versions/A/Frameworks/OpenScripting.framework/Versions/A/OpenScripting
0x000000000a47a000 	/System/Library/Frameworks/Carbon.framework/Versions/A/Frameworks/Print.framework/Versions/A/Print
0x000000000a47a000 	/System/Library/Frameworks/Carbon.framework/Versions/A/Frameworks/SecurityHI.framework/Versions/A/SecurityHI
0x000000010e130000 	/Applications/IntelliJ IDEA 13 CE.app/bin/libbreakgen64.jnilib
0x000000010e236000 	/Library/Java/JavaVirtualMachines/jdk1.7.0_17.jdk/Contents/Home/jre/lib/libnet.dylib
0x000000010e293000 	/Library/Java/JavaVirtualMachines/jdk1.7.0_17.jdk/Contents/Home/jre/lib/libawt.dylib
0x000000010e342000 	/Library/Java/JavaVirtualMachines/jdk1.7.0_17.jdk/Contents/Home/jre/lib/./libmlib_image.dylib
0x000000010e40e000 	/Library/Java/JavaVirtualMachines/jdk1.7.0_17.jdk/Contents/Home/jre/lib/lwawt/liblwawt.dylib
0x000000010e4c0000 	/Library/Java/JavaVirtualMachines/jdk1.7.0_17.jdk/Contents/Home/jre/lib/libosxapp.dylib
0x000000000a47a000 	/System/Library/Frameworks/ExceptionHandling.framework/Versions/A/ExceptionHandling
0x000000000a47a000 	/System/Library/PrivateFrameworks/CoreServicesInternal.framework/Versions/A/CoreServicesInternal
0x000000000a47a000 	/System/Library/PrivateFrameworks/Librarian.framework/Versions/A/Librarian
0x000000000a47a000 	/System/Library/Frameworks/CoreGraphics.framework/Versions/A/Resources/libCGCMS.A.dylib
0x000000000a47a000 	/System/Library/Frameworks/CoreGraphics.framework/Versions/A/Resources/libRIP.A.dylib
0x000000000a47a000 	/System/Library/Frameworks/CoreGraphics.framework/Versions/A/Resources/libCGXType.A.dylib
0x000000000a47a000 	/System/Library/PrivateFrameworks/FamilyControls.framework/Versions/A/FamilyControls
0x000000000a47a000 	/System/Library/PrivateFrameworks/CommerceKit.framework/Versions/A/Frameworks/CommerceCore.framework/Versions/A/CommerceCore
0x000000000a47a000 	/System/Library/PrivateFrameworks/SystemAdministration.framework/Versions/A/SystemAdministration
0x000000000a47a000 	/System/Library/Frameworks/DirectoryService.framework/Versions/A/DirectoryService
0x000000000a47a000 	/System/Library/PrivateFrameworks/DiskImages.framework/Versions/A/DiskImages
0x000000000a47a000 	/System/Library/PrivateFrameworks/LoginUIKit.framework/Versions/A/Frameworks/LoginUICore.framework/Versions/A/LoginUICore
0x000000000a47a000 	/usr/lib/libCoreStorage.dylib
0x000000000a47a000 	/usr/lib/libcsfde.dylib
0x000000000a47a000 	/usr/lib/libodfde.dylib
0x000000000a47a000 	/System/Library/Frameworks/DiscRecording.framework/Versions/A/DiscRecording
0x000000000a47a000 	/usr/lib/libcurl.4.dylib
0x000000000a47a000 	/System/Library/PrivateFrameworks/MediaKit.framework/Versions/A/MediaKit
0x000000000a47a000 	/System/Library/PrivateFrameworks/EFILogin.framework/Versions/A/EFILogin
0x000000000a47a000 	/usr/lib/libutil.dylib
0x000000000a47a000 	/System/Library/PrivateFrameworks/AOSNotification.framework/Versions/A/AOSNotification
0x000000000a47a000 	/System/Library/Frameworks/LDAP.framework/Versions/A/LDAP
0x000000000a47a000 	/usr/lib/libsasl2.2.dylib
0x000000000a47a000 	/usr/lib/libcrypto.0.9.8.dylib
0x000000000a47a000 	/usr/lib/libssl.0.9.8.dylib
0x0000000112631000 	/Library/Java/JavaVirtualMachines/jdk1.7.0_17.jdk/Contents/Home/jre/lib/libfontmanager.dylib
0x000000000a47a000 	/System/Library/Frameworks/OpenGL.framework/Versions/A/Resources/GLEngine.bundle/GLEngine
0x000000000a47a000 	/System/Library/Frameworks/OpenGL.framework/Versions/A/Libraries/libGLProgrammability.dylib
0x0000000000000000 	/System/Library/Extensions/AMDRadeonX3000GLDriver.bundle/Contents/MacOS/AMDRadeonX3000GLDriver
0x000000000a47a000 	/System/Library/PrivateFrameworks/IOAccelerator.framework/Versions/A/IOAccelerator
0x000000000a47a000 	/System/Library/PrivateFrameworks/GPUSupport.framework/Versions/A/Libraries/libGPUSupportMercury.dylib
0x0000000000000000 	/System/Library/Extensions/AppleIntelHD3000GraphicsGLDriver.bundle/Contents/MacOS/AppleIntelHD3000GraphicsGLDriver
0x0000000110bd1000 	/System/Library/PrivateFrameworks/GPUSupport.framework/Versions/A/Libraries/libGPUSupport.dylib
0x000000000a47a000 	/System/Library/Frameworks/OpenGL.framework/Versions/A/Resources/GLRendererFloat.bundle/GLRendererFloat
0x000000000a47a000 	/System/Library/Frameworks/OpenCL.framework/Versions/A/Libraries/libcldcpuengine.dylib
0x0000000112e02000 	/Library/Java/JavaVirtualMachines/jdk1.7.0_17.jdk/Contents/Home/jre/lib/libosxui.dylib
0x0000000112cd0000 	cl_kernels
0x00000001146f3000 	/System/Library/Frameworks/OpenCL.framework/Versions/A/Libraries/ImageFormats/unorm8_bgra.dylib
0x0000000113641000 	cl_kernels
0x0000000114951000 	/Library/Java/JavaVirtualMachines/jdk1.7.0_17.jdk/Contents/Home/jre/lib/libnio.dylib

VM Arguments:
jvm_args: -Didea.launcher.port=7535 -Didea.launcher.bin.path=/Applications/IntelliJ IDEA 13 CE.app/bin -Dfile.encoding=UTF-8 
java_command: com.intellij.rt.execution.application.AppMain client.Client
Launcher Type: SUN_STANDARD

Environment Variables:
PATH=/Users/film42/.rvm/gems/ruby-2.0.0-p247/bin:/Users/film42/.rvm/gems/ruby-2.0.0-p247@global/bin:/Users/film42/.rvm/rubies/ruby-2.0.0-p247/bin:/Users/film42/.rvm/bin:/usr/bin:/bin:/usr/sbin:/sbin:/usr/local/bin:/Applications/Postgres.app/Contents/MacOS/bin
SHELL=/bin/zsh

Signal Handlers:
SIGSEGV: [libjvm.dylib+0x4a361d], sa_mask[0]=0xfffefeff, sa_flags=0x00000042
SIGBUS: [libjvm.dylib+0x4a361d], sa_mask[0]=0xfffefeff, sa_flags=0x00000042
SIGFPE: [libjvm.dylib+0x3b302d], sa_mask[0]=0xfffefeff, sa_flags=0x00000042
SIGPIPE: [libjvm.dylib+0x3b302d], sa_mask[0]=0xfffefeff, sa_flags=0x00000042
SIGXFSZ: [libjvm.dylib+0x3b302d], sa_mask[0]=0xfffefeff, sa_flags=0x00000042
SIGILL: [libjvm.dylib+0x3b302d], sa_mask[0]=0xfffefeff, sa_flags=0x00000042
SIGUSR1: SIG_DFL, sa_mask[0]=0x00000000, sa_flags=0x00000002
SIGUSR2: [libjvm.dylib+0x3b2bc6], sa_mask[0]=0x00000004, sa_flags=0x00000042
SIGHUP: [libjvm.dylib+0x3b0e27], sa_mask[0]=0xfffefeff, sa_flags=0x00000042
SIGINT: [libjvm.dylib+0x3b0e27], sa_mask[0]=0xfffefeff, sa_flags=0x00000042
SIGTERM: [libjvm.dylib+0x3b0e27], sa_mask[0]=0xfffefeff, sa_flags=0x00000042
SIGQUIT: [libjvm.dylib+0x3b0e27], sa_mask[0]=0xfffefeff, sa_flags=0x00000042


---------------  S Y S T E M  ---------------

OS:Bsduname:Darwin 13.0.0 Darwin Kernel Version 13.0.0: Thu Sep 19 22:22:27 PDT 2013; root:xnu-2422.1.72~6/RELEASE_X86_64 x86_64
rlimit: STACK 8192k, CORE 0k, NPROC 709, NOFILE 10240, AS infinity
load average:2.29 2.03 1.84

CPU:total 8 (4 cores per cpu, 2 threads per core) family 6 model 42 stepping 7, cmov, cx8, fxsr, mmx, sse, sse2, sse3, ssse3, sse4.1, sse4.2, popcnt, avx, ht, tsc, tscinvbit

Memory: 4k page, physical 391844k(97961k free)

/proc/meminfo:


vm_info: Java HotSpot(TM) 64-Bit Server VM (23.7-b01) for bsd-amd64 JRE (1.7.0_17-b02), built on Mar  1 2013 06:41:23 by "java_re" with gcc 4.2.1 (Based on Apple Inc. build 5658) (LLVM build 2336.11.00)

time: Sat Dec  7 16:18:56 2013
elapsed time: 3 seconds

