#
# A fatal error has been detected by the Java Runtime Environment:
#
#  SIGSEGV (0xb) at pc=0x00007fff8b86d221, pid=56401, tid=43527
#
# JRE version: 7.0_17-b02
# Java VM: Java HotSpot(TM) 64-Bit Server VM (23.7-b01 mixed mode bsd-amd64 compressed oops)
# Problematic frame:
# C  [libGLImage.dylib+0x24221]  storeColor+0x5d1
#
# Failed to write core dump. Core dumps have been disabled. To enable core dumping, try "ulimit -c unlimited" before starting Java again
#
# If you would like to submit a bug report, please visit:
#   http://bugreport.sun.com/bugreport/crash.jsp
# The crash happened outside the Java Virtual Machine in native code.
# See problematic frame for where to report the bug.
#

---------------  T H R E A D  ---------------

Current thread (0x00007fc602073800):  JavaThread "Java2D Queue Flusher" daemon [_thread_in_native, id=43527, stack(0x0000000118dca000,0x0000000118eca000)]

siginfo:si_signo=SIGSEGV: si_errno=0, si_code=1 (SEGV_MAPERR), si_addr=0x0000000121607000

Registers:
RAX=0x000000003f800000, RBX=0x00007fff8b86ccd3, RCX=0x0000000121607000, RDX=0x0000000121607004
RSP=0x0000000118ec8600, RBP=0x0000000118ec8610, RSI=0x00007fff8b86d208, RDI=0x000000003f800000
R8 =0x0000000118ec8ab8, R9 =0x000000003f800000, R10=0x000000003f800000, R11=0x0000000000000004
R12=0x000000000000000a, R13=0x0000000118ec8ab8, R14=0x00007fff8b86d650, R15=0x0000000000000004
RIP=0x00007fff8b86d221, EFLAGS=0x0000000000010246, ERR=0x0000000000000006
  TRAPNO=0x000000000000000e

Top of Stack: (sp=0x0000000118ec8600)
0x0000000118ec8600:   0000000000000258 0000000000000067
0x0000000118ec8610:   0000000118ec8c20 00007fff8b87e05c
0x0000000118ec8620:   000000013f800000 000000013f800000
0x0000000118ec8630:   000000013f800000 0000000100000004
0x0000000118ec8640:   0000000100000001 0000000000000001
0x0000000118ec8650:   0000000100000000 0000000100000000
0x0000000118ec8660:   0000000100000000 00007fff00000000
0x0000000118ec8670:   0000000000000000 0000000000000399
0x0000000118ec8680:   0000000118ec8ad0 0000000118ec8a10
0x0000000118ec8690:   0000000000000000 00007fff7b88bbe0
0x0000000118ec86a0:   0000000000000000 0000000118ec86c8
0x0000000118ec86b0:   00007fc607d8d350 0000000090f58f92
0x0000000118ec86c0:   0000000000000000 0000000000000000
0x0000000118ec86d0:   000000200383aff8 0000000118ec8730
0x0000000118ec86e0:   00007fc607801388 00007fc6078014c0
0x0000000118ec86f0:   00007fc604005200 0000000000000000
0x0000000118ec8700:   0000000018ec87a0 00007fff8bd5aa34
0x0000000118ec8710:   0000000000000000 0000000000000000
0x0000000118ec8720:   0000000000000000 00007fff8bd5aaa4
0x0000000118ec8730:   0000000000000000 0000000120a9b000
0x0000000118ec8740:   00000001192cbf18 00000001173833f4
0x0000000118ec8750:   0000000118ec8c94 0000000000000000
0x0000000118ec8760:   00007fc607d683d8 0000000000000000
0x0000000118ec8770:   0000000118ec87a0 00007fc6015f88c0
0x0000000118ec8780:   00000001173833f4 00007fc607d683d8
0x0000000118ec8790:   0000000000000400 00007fc6015f88c0
0x0000000118ec87a0:   0000000118ec8810 00007fff8e27bf25
0x0000000118ec87b0:   0000040000000001 00007fc6015f88e8
0x0000000118ec87c0:   000002db00000000 0000000000000000
0x0000000118ec87d0:   0000000118ec8810 00001234802221a9
0x0000000118ec87e0:   00007fc604005200 00007fc6015f88c0
0x0000000118ec87f0:   0000000118ec8e3c 0000000000000001 

Instructions: (pc=0x00007fff8b86d221)
0x00007fff8b86d201:   89 08 e9 7e 03 00 00 f6 c2 02 74 0a 41 0f ca 0f
0x00007fff8b86d211:   cf 0f c8 41 0f c9 49 8b 08 48 8d 51 04 49 89 10
0x00007fff8b86d221:   44 89 09 49 8b 08 48 8d 51 04 49 89 10 89 01 49
0x00007fff8b86d231:   8b 00 48 8d 48 04 49 89 08 89 38 e9 fa 03 00 00 

Register to memory mapping:

RAX=0x000000003f800000 is an unknown value
RBX=0x00007fff8b86ccd3: storeColor+0x83 in /System/Library/Frameworks/OpenGL.framework/Versions/A/Libraries/libGLImage.dylib at 0x00007fff8b849000
RCX=0x0000000121607000 is an unknown value
RDX=0x0000000121607004 is an unknown value
RSP=0x0000000118ec8600 is pointing into the stack for thread: 0x00007fc602073800
RBP=0x0000000118ec8610 is pointing into the stack for thread: 0x00007fc602073800
RSI=0x00007fff8b86d208: storeColor+0x5b8 in /System/Library/Frameworks/OpenGL.framework/Versions/A/Libraries/libGLImage.dylib at 0x00007fff8b849000
RDI=0x000000003f800000 is an unknown value
R8 =0x0000000118ec8ab8 is pointing into the stack for thread: 0x00007fc602073800
R9 =0x000000003f800000 is an unknown value
R10=0x000000003f800000 is an unknown value
R11=0x0000000000000004 is an unknown value
R12=0x000000000000000a is an unknown value
R13=0x0000000118ec8ab8 is pointing into the stack for thread: 0x00007fc602073800
R14=0x00007fff8b86d650: storeColor+0xa00 in /System/Library/Frameworks/OpenGL.framework/Versions/A/Libraries/libGLImage.dylib at 0x00007fff8b849000
R15=0x0000000000000004 is an unknown value


Stack: [0x0000000118dca000,0x0000000118eca000],  sp=0x0000000118ec8600,  free space=1017k
Native frames: (J=compiled Java code, j=interpreted, Vv=VM code, C=native code)
C  [libGLImage.dylib+0x24221]  storeColor+0x5d1
C  [libGLImage.dylib+0x3505c]  glgProcessColor+0x4fec
C  [libGLImage.dylib+0x8d73]  __glgProcessPixelsWithProcessor_block_invoke+0x6b
C  [libdispatch.dylib+0x88f8]  _dispatch_client_callout2+0x8
C  [libdispatch.dylib+0x8cca]  _dispatch_apply_serial+0x2a
C  [libdispatch.dylib+0x12ad]  _dispatch_client_callout+0x8
C  [libdispatch.dylib+0x83cf]  _dispatch_sync_f_invoke+0x27
C  [libdispatch.dylib+0x862a]  dispatch_apply_f+0x10b
C  [libGLImage.dylib+0x8ba7]  glgProcessPixelsWithProcessor+0x14c1
C  [AMDRadeonX3000GLDriver+0x1e79a6]  gldPresentFramebufferData+0x21985
C  [AMDRadeonX3000GLDriver+0x21cb78]  gldBlitFramebufferData+0x1e7f0
C  [GLEngine+0x1b92a]  gleDrawPixelsFast+0x2ff9
C  [GLEngine+0x188d4]  glDrawPixels_Exec+0x1c8
C  [liblwawt.dylib+0x2fa7]  OGLBlitLoops_Blit+0x6c2
C  [liblwawt.dylib+0x77f9]  Java_sun_java2d_opengl_OGLRenderQueue_flushBuffer+0x3d1
j  sun.java2d.opengl.OGLRenderQueue.flushBuffer(JI)V+0
j  sun.java2d.opengl.OGLRenderQueue.flushBuffer()V+21
j  sun.java2d.opengl.OGLRenderQueue.access$100(Lsun/java2d/opengl/OGLRenderQueue;)V+1
j  sun.java2d.opengl.OGLRenderQueue$QueueFlusher.run()V+81
v  ~StubRoutines::call_stub
V  [libjvm.dylib+0x28852f]
V  [libjvm.dylib+0x288a0c]
V  [libjvm.dylib+0x288b46]
V  [libjvm.dylib+0x2bf4c0]
V  [libjvm.dylib+0x478294]
V  [libjvm.dylib+0x47977a]
V  [libjvm.dylib+0x3b5191]
C  [libsystem_pthread.dylib+0x1899]  _pthread_body+0x8a
C  [libsystem_pthread.dylib+0x172a]  _pthread_struct_init+0x0
C  [libsystem_pthread.dylib+0x5fc9]  thread_start+0xd

Java frames: (J=compiled Java code, j=interpreted, Vv=VM code)
j  sun.java2d.opengl.OGLRenderQueue.flushBuffer(JI)V+0
j  sun.java2d.opengl.OGLRenderQueue.flushBuffer()V+21
j  sun.java2d.opengl.OGLRenderQueue.access$100(Lsun/java2d/opengl/OGLRenderQueue;)V+1
j  sun.java2d.opengl.OGLRenderQueue$QueueFlusher.run()V+81
v  ~StubRoutines::call_stub

---------------  P R O C E S S  ---------------

Java Threads: ( => current thread )
  0x00007fc6021fa000 JavaThread "SwingWorker-pool-1-thread-2" daemon [_thread_blocked, id=26631, stack(0x000000011fe2d000,0x000000011ff2d000)]
  0x00007fc6028f2800 JavaThread "SwingWorker-pool-1-thread-1" daemon [_thread_blocked, id=25611, stack(0x000000011fd2a000,0x000000011fe2a000)]
  0x00007fc60195a000 JavaThread "Keep-Alive-Timer" daemon [_thread_blocked, id=60439, stack(0x000000011f166000,0x000000011f266000)]
  0x00007fc604087000 JavaThread "TimerQueue" daemon [_thread_blocked, id=57387, stack(0x000000011a831000,0x000000011a931000)]
  0x00007fc605806800 JavaThread "DestroyJavaVM" [_thread_blocked, id=5891, stack(0x000000010eae1000,0x000000010ebe1000)]
  0x00007fc605803800 JavaThread "AWT-EventQueue-0" [_thread_blocked, id=47367, stack(0x000000011992d000,0x0000000119a2d000)]
  0x00007fc60303b800 JavaThread "Java2D Disposer" daemon [_thread_blocked, id=45571, stack(0x000000011931f000,0x000000011941f000)]
=>0x00007fc602073800 JavaThread "Java2D Queue Flusher" daemon [_thread_in_native, id=43527, stack(0x0000000118dca000,0x0000000118eca000)]
  0x00007fc602898000 JavaThread "AWT-Shutdown" [_thread_blocked, id=17671, stack(0x0000000114c75000,0x0000000114d75000)]
  0x00007fc602899000 JavaThread "AppKit Thread" daemon [_thread_in_native, id=1287, stack(0x00007fff511b1000,0x00007fff51231000)]
  0x00007fc602811000 JavaThread "Service Thread" daemon [_thread_blocked, id=16131, stack(0x0000000114618000,0x0000000114718000)]
  0x00007fc602810000 JavaThread "C2 CompilerThread1" daemon [_thread_blocked, id=15875, stack(0x0000000114515000,0x0000000114615000)]
  0x00007fc60280e800 JavaThread "C2 CompilerThread0" daemon [_thread_blocked, id=15619, stack(0x0000000114412000,0x0000000114512000)]
  0x00007fc60280f800 JavaThread "JDWP Command Reader" daemon [_thread_in_native, id=15363, stack(0x000000011430f000,0x000000011440f000)]
  0x00007fc602062800 JavaThread "JDWP Event Helper Thread" daemon [_thread_blocked, id=15107, stack(0x000000011420c000,0x000000011430c000)]
  0x00007fc602061000 JavaThread "JDWP Transport Listener: dt_socket" daemon [_thread_blocked, id=14851, stack(0x0000000114109000,0x0000000114209000)]
  0x00007fc60280c000 JavaThread "Signal Dispatcher" daemon [_thread_blocked, id=14595, stack(0x0000000114000000,0x0000000114100000)]
  0x00007fc603003000 JavaThread "Finalizer" daemon [_thread_blocked, id=9731, stack(0x0000000113db0000,0x0000000113eb0000)]
  0x00007fc603002000 JavaThread "Reference Handler" daemon [_thread_blocked, id=9475, stack(0x0000000113cad000,0x0000000113dad000)]

Other Threads:
  0x00007fc602055800 VMThread [stack: 0x0000000113baa000,0x0000000113caa000] [id=9219]
  0x00007fc602822800 WatcherThread [stack: 0x000000011471b000,0x000000011481b000] [id=16387]

VM state:not at safepoint (normal execution)

VM Mutex/Monitor currently owned by a thread: None

Heap
 def new generation   total 5696K, used 1039K [0x00000007e8600000, 0x00000007e8c20000, 0x00000007ee8a0000)
  eden space 5120K,   9% used [0x00000007e8600000, 0x00000007e8673c68, 0x00000007e8b00000)
  from space 576K, 100% used [0x00000007e8b90000, 0x00000007e8c20000, 0x00000007e8c20000)
  to   space 576K,   0% used [0x00000007e8b00000, 0x00000007e8b00000, 0x00000007e8b90000)
 tenured generation   total 12672K, used 8575K [0x00000007ee8a0000, 0x00000007ef500000, 0x00000007fae00000)
   the space 12672K,  67% used [0x00000007ee8a0000, 0x00000007ef0ffe40, 0x00000007ef100000, 0x00000007ef500000)
 compacting perm gen  total 21248K, used 18798K [0x00000007fae00000, 0x00000007fc2c0000, 0x0000000800000000)
   the space 21248K,  88% used [0x00000007fae00000, 0x00000007fc05bac8, 0x00000007fc05bc00, 0x00000007fc2c0000)
No shared spaces configured.

Card table byte_map: [0x00000001137dd000,0x000000011389b000] byte_map_base: 0x000000010f89a000

Polling page: 0x000000010ebf0000

Code Cache  [0x000000011071d000, 0x000000011098d000, 0x000000011371d000)
 total_blobs=597 nmethods=87 adapters=470 free_code_cache=48389Kb largest_free_block=49532736

Compilation events (10 events):
Event: 82.727 Thread 0x00007fc602810000 nmethod 82 0x00000001107cf050 code [0x00000001107cf1c0, 0x00000001107cf548]
Event: 82.736 Thread 0x00007fc60280e800 nmethod 81 0x00000001107d0690 code [0x00000001107d0880, 0x00000001107d1900]
Event: 83.757 Thread 0x00007fc602810000   83             java.util.ArrayList::indexOf (67 bytes)
Event: 83.759 Thread 0x00007fc602810000 nmethod 83 0x00000001107d81d0 code [0x00000001107d8320, 0x00000001107d8458]
Event: 83.803 Thread 0x00007fc60280e800   84  s          java.util.Hashtable::get (70 bytes)
Event: 83.810 Thread 0x00007fc60280e800 nmethod 84 0x00000001107df2d0 code [0x00000001107df460, 0x00000001107dfc68]
Event: 83.825 Thread 0x00007fc602810000   86             sun.java2d.pipe.RenderBuffer::putInt (26 bytes)
Event: 83.826 Thread 0x00007fc602810000 nmethod 86 0x00000001107db790 code [0x00000001107db8e0, 0x00000001107db998]
Event: 83.837 Thread 0x00007fc60280e800   87             java.awt.image.PackedColorModel::countBits (44 bytes)
Event: 83.838 Thread 0x00007fc60280e800 nmethod 87 0x00000001107db510 code [0x00000001107db640, 0x00000001107db6d8]

GC Heap History (10 events):
Event: 3.794 GC heap before
{Heap before GC invocations=0 (full 0):
 def new generation   total 5696K, used 5120K [0x00000007e8600000, 0x00000007e8c20000, 0x00000007ee8a0000)
  eden space 5120K, 100% used [0x00000007e8600000, 0x00000007e8b00000, 0x00000007e8b00000)
  from space 576K,   0% used [0x00000007e8b00000, 0x00000007e8b00000, 0x00000007e8b90000)
  to   space 576K,   0% used [0x00000007e8b90000, 0x00000007e8b90000, 0x00000007e8c20000)
 tenured generation   total 12672K, used 0K [0x00000007ee8a0000, 0x00000007ef500000, 0x00000007fae00000)
   the space 12672K,   0% used [0x00000007ee8a0000, 0x00000007ee8a0000, 0x00000007ee8a0200, 0x00000007ef500000)
 compacting perm gen  total 21248K, used 10125K [0x00000007fae00000, 0x00000007fc2c0000, 0x0000000800000000)
   the space 21248K,  47% used [0x00000007fae00000, 0x00000007fb7e3590, 0x00000007fb7e3600, 0x00000007fc2c0000)
No shared spaces configured.
Event: 3.812 GC heap after
Heap after GC invocations=1 (full 0):
 def new generation   total 5696K, used 576K [0x00000007e8600000, 0x00000007e8c20000, 0x00000007ee8a0000)
  eden space 5120K,   0% used [0x00000007e8600000, 0x00000007e8600000, 0x00000007e8b00000)
  from space 576K, 100% used [0x00000007e8b90000, 0x00000007e8c20000, 0x00000007e8c20000)
  to   space 576K,   0% used [0x00000007e8b00000, 0x00000007e8b00000, 0x00000007e8b90000)
 tenured generation   total 12672K, used 1873K [0x00000007ee8a0000, 0x00000007ef500000, 0x00000007fae00000)
   the space 12672K,  14% used [0x00000007ee8a0000, 0x00000007eea74780, 0x00000007eea74800, 0x00000007ef500000)
 compacting perm gen  total 21248K, used 10125K [0x00000007fae00000, 0x00000007fc2c0000, 0x0000000800000000)
   the space 21248K,  47% used [0x00000007fae00000, 0x00000007fb7e3590, 0x00000007fb7e3600, 0x00000007fc2c0000)
No shared spaces configured.
}
Event: 3.952 GC heap before
{Heap before GC invocations=1 (full 0):
 def new generation   total 5696K, used 5696K [0x00000007e8600000, 0x00000007e8c20000, 0x00000007ee8a0000)
  eden space 5120K, 100% used [0x00000007e8600000, 0x00000007e8b00000, 0x00000007e8b00000)
  from space 576K, 100% used [0x00000007e8b90000, 0x00000007e8c20000, 0x00000007e8c20000)
  to   space 576K,   0% used [0x00000007e8b00000, 0x00000007e8b00000, 0x00000007e8b90000)
 tenured generation   total 12672K, used 1873K [0x00000007ee8a0000, 0x00000007ef500000, 0x00000007fae00000)
   the space 12672K,  14% used [0x00000007ee8a0000, 0x00000007eea74780, 0x00000007eea74800, 0x00000007ef500000)
 compacting perm gen  total 21248K, used 11741K [0x00000007fae00000, 0x00000007fc2c0000, 0x0000000800000000)
   the space 21248K,  55% used [0x00000007fae00000, 0x00000007fb977598, 0x00000007fb977600, 0x00000007fc2c0000)
No shared spaces configured.
Event: 3.962 GC heap after
Heap after GC invocations=2 (full 0):
 def new generation   total 5696K, used 576K [0x00000007e8600000, 0x00000007e8c20000, 0x00000007ee8a0000)
  eden space 5120K,   0% used [0x00000007e8600000, 0x00000007e8600000, 0x00000007e8b00000)
  from space 576K, 100% used [0x00000007e8b00000, 0x00000007e8b90000, 0x00000007e8b90000)
  to   space 576K,   0% used [0x00000007e8b90000, 0x00000007e8b90000, 0x00000007e8c20000)
 tenured generation   total 12672K, used 2631K [0x00000007ee8a0000, 0x00000007ef500000, 0x00000007fae00000)
   the space 12672K,  20% used [0x00000007ee8a0000, 0x00000007eeb31e30, 0x00000007eeb32000, 0x00000007ef500000)
 compacting perm gen  total 21248K, used 11741K [0x00000007fae00000, 0x00000007fc2c0000, 0x0000000800000000)
   the space 21248K,  55% used [0x00000007fae00000, 0x00000007fb977598, 0x00000007fb977600, 0x00000007fc2c0000)
No shared spaces configured.
}
Event: 53.197 GC heap before
{Heap before GC invocations=2 (full 0):
 def new generation   total 5696K, used 5696K [0x00000007e8600000, 0x00000007e8c20000, 0x00000007ee8a0000)
  eden space 5120K, 100% used [0x00000007e8600000, 0x00000007e8b00000, 0x00000007e8b00000)
  from space 576K, 100% used [0x00000007e8b00000, 0x00000007e8b90000, 0x00000007e8b90000)
  to   space 576K,   0% used [0x00000007e8b90000, 0x00000007e8b90000, 0x00000007e8c20000)
 tenured generation   total 12672K, used 2631K [0x00000007ee8a0000, 0x00000007ef500000, 0x00000007fae00000)
   the space 12672K,  20% used [0x00000007ee8a0000, 0x00000007eeb31e30, 0x00000007eeb32000, 0x00000007ef500000)
 compacting perm gen  total 21248K, used 14520K [0x00000007fae00000, 0x00000007fc2c0000, 0x0000000800000000)
   the space 21248K,  68% used [0x00000007fae00000, 0x00000007fbc2e2f8, 0x00000007fbc2e400, 0x00000007fc2c0000)
No shared spaces configured.
Event: 53.205 GC heap after
Heap after GC invocations=3 (full 0):
 def new generation   total 5696K, used 576K [0x00000007e8600000, 0x00000007e8c20000, 0x00000007ee8a0000)
  eden space 5120K,   0% used [0x00000007e8600000, 0x00000007e8600000, 0x00000007e8b00000)
  from space 576K, 100% used [0x00000007e8b90000, 0x00000007e8c20000, 0x00000007e8c20000)
  to   space 576K,   0% used [0x00000007e8b00000, 0x00000007e8b00000, 0x00000007e8b90000)
 tenured generation   total 12672K, used 3109K [0x00000007ee8a0000, 0x00000007ef500000, 0x00000007fae00000)
   the space 12672K,  24% used [0x00000007ee8a0000, 0x00000007eeba9608, 0x00000007eeba9800, 0x00000007ef500000)
 compacting perm gen  total 21248K, used 14520K [0x00000007fae00000, 0x00000007fc2c0000, 0x0000000800000000)
   the space 21248K,  68% used [0x00000007fae00000, 0x00000007fbc2e2f8, 0x00000007fbc2e400, 0x00000007fc2c0000)
No shared spaces configured.
}
Event: 53.421 GC heap before
{Heap before GC invocations=3 (full 0):
 def new generation   total 5696K, used 5696K [0x00000007e8600000, 0x00000007e8c20000, 0x00000007ee8a0000)
  eden space 5120K, 100% used [0x00000007e8600000, 0x00000007e8b00000, 0x00000007e8b00000)
  from space 576K, 100% used [0x00000007e8b90000, 0x00000007e8c20000, 0x00000007e8c20000)
  to   space 576K,   0% used [0x00000007e8b00000, 0x00000007e8b00000, 0x00000007e8b90000)
 tenured generation   total 12672K, used 3109K [0x00000007ee8a0000, 0x00000007ef500000, 0x00000007fae00000)
   the space 12672K,  24% used [0x00000007ee8a0000, 0x00000007eeba9608, 0x00000007eeba9800, 0x00000007ef500000)
 compacting perm gen  total 21248K, used 17006K [0x00000007fae00000, 0x00000007fc2c0000, 0x0000000800000000)
   the space 21248K,  80% used [0x00000007fae00000, 0x00000007fbe9b858, 0x00000007fbe9ba00, 0x00000007fc2c0000)
No shared spaces configured.
Event: 53.431 GC heap after
Heap after GC invocations=4 (full 0):
 def new generation   total 5696K, used 576K [0x00000007e8600000, 0x00000007e8c20000, 0x00000007ee8a0000)
  eden space 5120K,   0% used [0x00000007e8600000, 0x00000007e8600000, 0x00000007e8b00000)
  from space 576K, 100% used [0x00000007e8b00000, 0x00000007e8b90000, 0x00000007e8b90000)
  to   space 576K,   0% used [0x00000007e8b90000, 0x00000007e8b90000, 0x00000007e8c20000)
 tenured generation   total 12672K, used 6825K [0x00000007ee8a0000, 0x00000007ef500000, 0x00000007fae00000)
   the space 12672K,  53% used [0x00000007ee8a0000, 0x00000007eef4a410, 0x00000007eef4a600, 0x00000007ef500000)
 compacting perm gen  total 21248K, used 17006K [0x00000007fae00000, 0x00000007fc2c0000, 0x0000000800000000)
   the space 21248K,  80% used [0x00000007fae00000, 0x00000007fbe9b858, 0x00000007fbe9ba00, 0x00000007fc2c0000)
No shared spaces configured.
}
Event: 83.768 GC heap before
{Heap before GC invocations=4 (full 0):
 def new generation   total 5696K, used 5696K [0x00000007e8600000, 0x00000007e8c20000, 0x00000007ee8a0000)
  eden space 5120K, 100% used [0x00000007e8600000, 0x00000007e8b00000, 0x00000007e8b00000)
  from space 576K, 100% used [0x00000007e8b00000, 0x00000007e8b90000, 0x00000007e8b90000)
  to   space 576K,   0% used [0x00000007e8b90000, 0x00000007e8b90000, 0x00000007e8c20000)
 tenured generation   total 12672K, used 6825K [0x00000007ee8a0000, 0x00000007ef500000, 0x00000007fae00000)
   the space 12672K,  53% used [0x00000007ee8a0000, 0x00000007eef4a410, 0x00000007eef4a600, 0x00000007ef500000)
 compacting perm gen  total 21248K, used 18699K [0x00000007fae00000, 0x00000007fc2c0000, 0x0000000800000000)
   the space 21248K,  88% used [0x00000007fae00000, 0x00000007fc042f68, 0x00000007fc043000, 0x00000007fc2c0000)
No shared spaces configured.
Event: 83.780 GC heap after
Heap after GC invocations=5 (full 0):
 def new generation   total 5696K, used 576K [0x00000007e8600000, 0x00000007e8c20000, 0x00000007ee8a0000)
  eden space 5120K,   0% used [0x00000007e8600000, 0x00000007e8600000, 0x00000007e8b00000)
  from space 576K, 100% used [0x00000007e8b90000, 0x00000007e8c20000, 0x00000007e8c20000)
  to   space 576K,   0% used [0x00000007e8b00000, 0x00000007e8b00000, 0x00000007e8b90000)
 tenured generation   total 12672K, used 8575K [0x00000007ee8a0000, 0x00000007ef500000, 0x00000007fae00000)
   the space 12672K,  67% used [0x00000007ee8a0000, 0x00000007ef0ffe40, 0x00000007ef100000, 0x00000007ef500000)
 compacting perm gen  total 21248K, used 18699K [0x00000007fae00000, 0x00000007fc2c0000, 0x0000000800000000)
   the space 21248K,  88% used [0x00000007fae00000, 0x00000007fc042f68, 0x00000007fc043000, 0x00000007fc2c0000)
No shared spaces configured.
}

Deoptimization events (5 events):
Event: 4.213 Thread 0x00007fc605803800 Uncommon trap -34 fr.pc 0x0000000110794168
Event: 4.213 Thread 0x00007fc605803800 Uncommon trap -34 fr.pc 0x0000000110794168
Event: 4.843 Thread 0x00007fc605803800 Uncommon trap -34 fr.pc 0x0000000110794168
Event: 4.843 Thread 0x00007fc605803800 Uncommon trap -34 fr.pc 0x0000000110794168
Event: 53.442 Thread 0x00007fc605803800 Uncommon trap 51 fr.pc 0x0000000110799318

Internal exceptions (10 events):
Event: 82.734 Thread 0x00007fc605803800 Threw 0x00000007e899c9f0 at /HUDSON/workspace/jdk7u17-2-build-macosx-amd64-product/jdk7u17/hotspot/src/share/vm/prims/jvm.cpp:1166
Event: 82.734 Thread 0x00007fc605803800 Threw 0x00000007e89a1a30 at /HUDSON/workspace/jdk7u17-2-build-macosx-amd64-product/jdk7u17/hotspot/src/share/vm/prims/jvm.cpp:1166
Event: 83.747 Thread 0x00007fc605803800 Threw 0x00000007e8aa5c70 at /HUDSON/workspace/jdk7u17-2-build-macosx-amd64-product/jdk7u17/hotspot/src/share/vm/prims/jvm.cpp:1166
Event: 83.748 Thread 0x00007fc605803800 Threw 0x00000007e8aad080 at /HUDSON/workspace/jdk7u17-2-build-macosx-amd64-product/jdk7u17/hotspot/src/share/vm/prims/jvm.cpp:1166
Event: 83.748 Thread 0x00007fc605803800 Threw 0x00000007e8ab3818 at /HUDSON/workspace/jdk7u17-2-build-macosx-amd64-product/jdk7u17/hotspot/src/share/vm/prims/jvm.cpp:1166
Event: 83.751 Thread 0x00007fc605803800 Threw 0x00000007e8abd8b0 at /HUDSON/workspace/jdk7u17-2-build-macosx-amd64-product/jdk7u17/hotspot/src/share/vm/prims/jvm.cpp:1166
Event: 83.751 Thread 0x00007fc605803800 Threw 0x00000007e8ac4b78 at /HUDSON/workspace/jdk7u17-2-build-macosx-amd64-product/jdk7u17/hotspot/src/share/vm/prims/jvm.cpp:1166
Event: 83.753 Thread 0x00007fc605803800 Threw 0x00000007e8ace348 at /HUDSON/workspace/jdk7u17-2-build-macosx-amd64-product/jdk7u17/hotspot/src/share/vm/prims/jvm.cpp:1166
Event: 83.766 Thread 0x00007fc605803800 Threw 0x00000007e8aef140 at /HUDSON/workspace/jdk7u17-2-build-macosx-amd64-product/jdk7u17/hotspot/src/share/vm/prims/jvm.cpp:1166
Event: 83.787 Thread 0x00007fc6028f2800 Threw 0x00000007e860ab10 at /HUDSON/workspace/jdk7u17-2-build-macosx-amd64-product/jdk7u17/hotspot/src/share/vm/runtime/objectMonit

Events (10 events):
Event: 83.834 loading class 0x00007fc60391f5c0
Event: 83.834 loading class 0x00007fc60391f5c0 done
Event: 83.835 loading class 0x00007fc60391f8a0
Event: 83.835 loading class 0x00007fc60391f8a0 done
Event: 83.835 loading class 0x00007fc60391fd70
Event: 83.835 loading class 0x00007fc60391fd70 done
Event: 83.835 loading class 0x00007fc60391fdb0
Event: 83.835 loading class 0x00007fc60391fdb0 done
Event: 83.835 loading class 0x00007fc60391f990
Event: 83.835 loading class 0x00007fc60391f990 done


Dynamic libraries:
0x000000000a47a000 	/System/Library/Frameworks/Cocoa.framework/Versions/A/Cocoa
0x000000000a47a000 	/System/Library/Frameworks/Security.framework/Versions/A/Security
0x000000000a47a000 	/System/Library/Frameworks/ApplicationServices.framework/Versions/A/ApplicationServices
0x000000000a47a000 	/usr/lib/libz.1.dylib
0x000000000a47a000 	/usr/lib/libSystem.B.dylib
0x000000000a47a000 	/usr/lib/libobjc.A.dylib
0x000000000a47a000 	/System/Library/Frameworks/CoreFoundation.framework/Versions/A/CoreFoundation
0x000000000a47a000 	/System/Library/Frameworks/AppKit.framework/Versions/C/AppKit
0x000000000a47a000 	/System/Library/Frameworks/CoreData.framework/Versions/A/CoreData
0x000000000a47a000 	/System/Library/Frameworks/Foundation.framework/Versions/C/Foundation
0x000000000a47a000 	/System/Library/PrivateFrameworks/RemoteViewServices.framework/Versions/A/RemoteViewServices
0x000000000a47a000 	/System/Library/Frameworks/AudioToolbox.framework/Versions/A/AudioToolbox
0x000000000a47a000 	/System/Library/Frameworks/AudioUnit.framework/Versions/A/AudioUnit
0x000000000a47a000 	/System/Library/PrivateFrameworks/DataDetectorsCore.framework/Versions/A/DataDetectorsCore
0x000000000a47a000 	/System/Library/PrivateFrameworks/DesktopServicesPriv.framework/Versions/A/DesktopServicesPriv
0x000000000a47a000 	/System/Library/Frameworks/Carbon.framework/Versions/A/Frameworks/HIToolbox.framework/Versions/A/HIToolbox
0x000000000a47a000 	/System/Library/Frameworks/QuartzCore.framework/Versions/A/QuartzCore
0x000000000a47a000 	/System/Library/Frameworks/Carbon.framework/Versions/A/Frameworks/SpeechRecognition.framework/Versions/A/SpeechRecognition
0x000000000a47a000 	/usr/lib/libauto.dylib
0x000000000a47a000 	/usr/lib/libicucore.A.dylib
0x000000000a47a000 	/usr/lib/libxml2.2.dylib
0x000000000a47a000 	/System/Library/PrivateFrameworks/CoreUI.framework/Versions/A/CoreUI
0x000000000a47a000 	/System/Library/Frameworks/CoreAudio.framework/Versions/A/CoreAudio
0x000000000a47a000 	/System/Library/Frameworks/DiskArbitration.framework/Versions/A/DiskArbitration
0x000000000a47a000 	/usr/lib/liblangid.dylib
0x000000000a47a000 	/System/Library/PrivateFrameworks/MultitouchSupport.framework/Versions/A/MultitouchSupport
0x000000000a47a000 	/System/Library/Frameworks/IOKit.framework/Versions/A/IOKit
0x000000000a47a000 	/usr/lib/libDiagnosticMessagesClient.dylib
0x000000000a47a000 	/System/Library/Frameworks/CoreServices.framework/Versions/A/CoreServices
0x000000000a47a000 	/System/Library/PrivateFrameworks/PerformanceAnalysis.framework/Versions/A/PerformanceAnalysis
0x000000000a47a000 	/System/Library/PrivateFrameworks/GenerationalStorage.framework/Versions/A/GenerationalStorage
0x000000000a47a000 	/System/Library/Frameworks/OpenGL.framework/Versions/A/OpenGL
0x000000000a47a000 	/System/Library/PrivateFrameworks/Sharing.framework/Versions/A/Sharing
0x000000000a47a000 	/System/Library/Frameworks/ImageIO.framework/Versions/A/ImageIO
0x000000000a47a000 	/System/Library/Frameworks/CoreText.framework/Versions/A/CoreText
0x000000000a47a000 	/System/Library/Frameworks/CoreGraphics.framework/Versions/A/CoreGraphics
0x000000000a47a000 	/System/Library/PrivateFrameworks/Backup.framework/Versions/A/Backup
0x000000000a47a000 	/System/Library/Frameworks/CFNetwork.framework/Versions/A/CFNetwork
0x000000000a47a000 	/System/Library/Frameworks/SystemConfiguration.framework/Versions/A/SystemConfiguration
0x000000000a47a000 	/usr/lib/libCRFSuite.dylib
0x000000000a47a000 	/usr/lib/libc++.1.dylib
0x000000000a47a000 	/usr/lib/libc++abi.dylib
0x000000000a47a000 	/usr/lib/system/libcache.dylib
0x000000000a47a000 	/usr/lib/system/libcommonCrypto.dylib
0x000000000a47a000 	/usr/lib/system/libcompiler_rt.dylib
0x000000000a47a000 	/usr/lib/system/libcopyfile.dylib
0x000000000a47a000 	/usr/lib/system/libcorecrypto.dylib
0x000000000a47a000 	/usr/lib/system/libdispatch.dylib
0x000000000a47a000 	/usr/lib/system/libdyld.dylib
0x000000000a47a000 	/usr/lib/system/libkeymgr.dylib
0x000000000a47a000 	/usr/lib/system/liblaunch.dylib
0x000000000a47a000 	/usr/lib/system/libmacho.dylib
0x000000000a47a000 	/usr/lib/system/libquarantine.dylib
0x000000000a47a000 	/usr/lib/system/libremovefile.dylib
0x000000000a47a000 	/usr/lib/system/libsystem_asl.dylib
0x000000000a47a000 	/usr/lib/system/libsystem_blocks.dylib
0x000000000a47a000 	/usr/lib/system/libsystem_c.dylib
0x000000000a47a000 	/usr/lib/system/libsystem_configuration.dylib
0x000000000a47a000 	/usr/lib/system/libsystem_dnssd.dylib
0x000000000a47a000 	/usr/lib/system/libsystem_info.dylib
0x000000000a47a000 	/usr/lib/system/libsystem_kernel.dylib
0x000000000a47a000 	/usr/lib/system/libsystem_m.dylib
0x000000000a47a000 	/usr/lib/system/libsystem_malloc.dylib
0x000000000a47a000 	/usr/lib/system/libsystem_network.dylib
0x000000000a47a000 	/usr/lib/system/libsystem_notify.dylib
0x000000000a47a000 	/usr/lib/system/libsystem_platform.dylib
0x000000000a47a000 	/usr/lib/system/libsystem_pthread.dylib
0x000000000a47a000 	/usr/lib/system/libsystem_sandbox.dylib
0x000000000a47a000 	/usr/lib/system/libsystem_stats.dylib
0x000000000a47a000 	/usr/lib/system/libunc.dylib
0x000000000a47a000 	/usr/lib/system/libunwind.dylib
0x000000000a47a000 	/usr/lib/system/libxpc.dylib
0x000000000a47a000 	/usr/lib/libbsm.0.dylib
0x000000000a47a000 	/usr/lib/libsqlite3.dylib
0x000000000a47a000 	/usr/lib/libxar.1.dylib
0x000000000a47a000 	/usr/lib/libpam.2.dylib
0x000000000a47a000 	/usr/lib/libOpenScriptingUtil.dylib
0x000000000a47a000 	/usr/lib/libbz2.1.0.dylib
0x000000000a47a000 	/System/Library/Frameworks/CoreServices.framework/Versions/A/Frameworks/CarbonCore.framework/Versions/A/CarbonCore
0x000000000a47a000 	/System/Library/Frameworks/CoreServices.framework/Versions/A/Frameworks/Metadata.framework/Versions/A/Metadata
0x000000000a47a000 	/System/Library/Frameworks/CoreServices.framework/Versions/A/Frameworks/OSServices.framework/Versions/A/OSServices
0x000000000a47a000 	/System/Library/Frameworks/CoreServices.framework/Versions/A/Frameworks/SearchKit.framework/Versions/A/SearchKit
0x000000000a47a000 	/System/Library/Frameworks/CoreServices.framework/Versions/A/Frameworks/AE.framework/Versions/A/AE
0x000000000a47a000 	/System/Library/Frameworks/CoreServices.framework/Versions/A/Frameworks/LaunchServices.framework/Versions/A/LaunchServices
0x000000000a47a000 	/System/Library/Frameworks/CoreServices.framework/Versions/A/Frameworks/DictionaryServices.framework/Versions/A/DictionaryServices
0x000000000a47a000 	/System/Library/Frameworks/NetFS.framework/Versions/A/NetFS
0x000000000a47a000 	/usr/lib/system/libkxld.dylib
0x000000000a47a000 	/System/Library/PrivateFrameworks/NetAuth.framework/Versions/A/NetAuth
0x000000000a47a000 	/System/Library/PrivateFrameworks/TCC.framework/Versions/A/TCC
0x000000000a47a000 	/System/Library/Frameworks/OpenDirectory.framework/Versions/A/Frameworks/CFOpenDirectory.framework/Versions/A/CFOpenDirectory
0x000000000a47a000 	/System/Library/Frameworks/ServiceManagement.framework/Versions/A/ServiceManagement
0x000000000a47a000 	/usr/lib/libxslt.1.dylib
0x000000000a47a000 	/System/Library/Frameworks/Carbon.framework/Versions/A/Frameworks/Ink.framework/Versions/A/Ink
0x000000000a47a000 	/System/Library/Frameworks/ApplicationServices.framework/Versions/A/Frameworks/ATS.framework/Versions/A/ATS
0x000000000a47a000 	/System/Library/Frameworks/ApplicationServices.framework/Versions/A/Frameworks/ColorSync.framework/Versions/A/ColorSync
0x000000000a47a000 	/System/Library/Frameworks/ApplicationServices.framework/Versions/A/Frameworks/HIServices.framework/Versions/A/HIServices
0x000000000a47a000 	/System/Library/Frameworks/ApplicationServices.framework/Versions/A/Frameworks/LangAnalysis.framework/Versions/A/LangAnalysis
0x000000000a47a000 	/System/Library/Frameworks/ApplicationServices.framework/Versions/A/Frameworks/PrintCore.framework/Versions/A/PrintCore
0x000000000a47a000 	/System/Library/Frameworks/ApplicationServices.framework/Versions/A/Frameworks/QD.framework/Versions/A/QD
0x000000000a47a000 	/System/Library/Frameworks/ApplicationServices.framework/Versions/A/Frameworks/SpeechSynthesis.framework/Versions/A/SpeechSynthesis
0x000000000a47a000 	/System/Library/Frameworks/IOSurface.framework/Versions/A/IOSurface
0x000000000a47a000 	/System/Library/Frameworks/Accelerate.framework/Versions/A/Accelerate
0x000000000a47a000 	/System/Library/Frameworks/Accelerate.framework/Versions/A/Frameworks/vImage.framework/Versions/A/vImage
0x000000000a47a000 	/System/Library/Frameworks/Accelerate.framework/Versions/A/Frameworks/vecLib.framework/Versions/A/vecLib
0x000000000a47a000 	/System/Library/Frameworks/Accelerate.framework/Versions/A/Frameworks/vecLib.framework/Versions/A/libvDSP.dylib
0x000000000a47a000 	/System/Library/Frameworks/Accelerate.framework/Versions/A/Frameworks/vecLib.framework/Versions/A/libvMisc.dylib
0x000000000a47a000 	/System/Library/Frameworks/Accelerate.framework/Versions/A/Frameworks/vecLib.framework/Versions/A/libLAPACK.dylib
0x000000000a47a000 	/System/Library/Frameworks/Accelerate.framework/Versions/A/Frameworks/vecLib.framework/Versions/A/libBLAS.dylib
0x000000000a47a000 	/System/Library/Frameworks/ApplicationServices.framework/Versions/A/Frameworks/ATS.framework/Versions/A/Resources/libFontParser.dylib
0x000000000a47a000 	/System/Library/Frameworks/ApplicationServices.framework/Versions/A/Frameworks/ATS.framework/Versions/A/Resources/libFontRegistry.dylib
0x000000000a47a000 	/System/Library/Frameworks/ImageIO.framework/Versions/A/Resources/libJPEG.dylib
0x000000000a47a000 	/System/Library/Frameworks/ImageIO.framework/Versions/A/Resources/libTIFF.dylib
0x000000000a47a000 	/System/Library/Frameworks/ImageIO.framework/Versions/A/Resources/libPng.dylib
0x000000000a47a000 	/System/Library/Frameworks/ImageIO.framework/Versions/A/Resources/libGIF.dylib
0x000000000a47a000 	/System/Library/Frameworks/ImageIO.framework/Versions/A/Resources/libJP2.dylib
0x000000000a47a000 	/System/Library/Frameworks/ImageIO.framework/Versions/A/Resources/libRadiance.dylib
0x000000000a47a000 	/usr/lib/libcups.2.dylib
0x000000000a47a000 	/System/Library/Frameworks/Kerberos.framework/Versions/A/Kerberos
0x000000000a47a000 	/System/Library/Frameworks/GSS.framework/Versions/A/GSS
0x000000000a47a000 	/usr/lib/libresolv.9.dylib
0x000000000a47a000 	/usr/lib/libiconv.2.dylib
0x000000000a47a000 	/System/Library/PrivateFrameworks/Heimdal.framework/Versions/A/Heimdal
0x000000000a47a000 	/System/Library/PrivateFrameworks/TrustEvaluationAgent.framework/Versions/A/TrustEvaluationAgent
0x000000000a47a000 	/usr/lib/libheimdal-asn1.dylib
0x000000000a47a000 	/System/Library/Frameworks/OpenDirectory.framework/Versions/A/OpenDirectory
0x000000000a47a000 	/System/Library/PrivateFrameworks/CommonAuth.framework/Versions/A/CommonAuth
0x000000000a47a000 	/System/Library/Frameworks/SecurityFoundation.framework/Versions/A/SecurityFoundation
0x000000000a47a000 	/System/Library/PrivateFrameworks/Bom.framework/Versions/A/Bom
0x000000000a47a000 	/System/Library/Frameworks/CoreVideo.framework/Versions/A/CoreVideo
0x000000000a47a000 	/System/Library/Frameworks/QuartzCore.framework/Versions/A/Frameworks/CoreImage.framework/Versions/A/CoreImage
0x000000000a47a000 	/System/Library/Frameworks/QuartzCore.framework/Versions/A/Frameworks/ScalableUserInterface.framework/Versions/A/ScalableUserInterface
0x000000000a47a000 	/System/Library/Frameworks/OpenGL.framework/Versions/A/Libraries/libGLU.dylib
0x000000000a47a000 	/System/Library/Frameworks/OpenGL.framework/Versions/A/Libraries/libGFXShared.dylib
0x000000000a47a000 	/System/Library/Frameworks/OpenGL.framework/Versions/A/Libraries/libGL.dylib
0x000000000a47a000 	/System/Library/Frameworks/OpenGL.framework/Versions/A/Libraries/libGLImage.dylib
0x000000000a47a000 	/System/Library/Frameworks/OpenGL.framework/Versions/A/Libraries/libCVMSPluginSupport.dylib
0x000000000a47a000 	/System/Library/Frameworks/OpenGL.framework/Versions/A/Libraries/libCoreVMClient.dylib
0x000000000a47a000 	/System/Library/PrivateFrameworks/FaceCore.framework/Versions/A/FaceCore
0x000000000a47a000 	/System/Library/PrivateFrameworks/CrashReporterSupport.framework/Versions/A/CrashReporterSupport
0x000000000a47a000 	/System/Library/Frameworks/OpenCL.framework/Versions/A/OpenCL
0x000000000a47a000 	/System/Library/PrivateFrameworks/AppleFSCompression.framework/Versions/A/AppleFSCompression
0x000000000a47a000 	/System/Library/PrivateFrameworks/Ubiquity.framework/Versions/A/Ubiquity
0x000000000a47a000 	/System/Library/PrivateFrameworks/IconServices.framework/Versions/A/IconServices
0x000000000a47a000 	/System/Library/PrivateFrameworks/ChunkingLibrary.framework/Versions/A/ChunkingLibrary
0x000000000a47a000 	/System/Library/PrivateFrameworks/CoreSymbolication.framework/Versions/A/CoreSymbolication
0x000000000a47a000 	/System/Library/PrivateFrameworks/Symbolication.framework/Versions/A/Symbolication
0x000000000a47a000 	/System/Library/PrivateFrameworks/DebugSymbols.framework/Versions/A/DebugSymbols
0x000000010fc00000 	/Library/Java/JavaVirtualMachines/jdk1.7.0_17.jdk/Contents/Home/jre/lib/server/libjvm.dylib
0x000000000a47a000 	/usr/lib/libstdc++.6.dylib
0x000000010ebe3000 	/Library/Java/JavaVirtualMachines/jdk1.7.0_17.jdk/Contents/Home/jre/lib/libverify.dylib
0x00000001106a7000 	/Library/Java/JavaVirtualMachines/jdk1.7.0_17.jdk/Contents/Home/jre/lib/libjava.dylib
0x00000001106d7000 	/Library/Java/JavaVirtualMachines/jdk1.7.0_17.jdk/Contents/Home/jre/lib/libjdwp.dylib
0x000000010ebf1000 	/Library/Java/JavaVirtualMachines/jdk1.7.0_17.jdk/Contents/Home/jre/lib/./libnpt.dylib
0x0000000110714000 	/Library/Java/JavaVirtualMachines/jdk1.7.0_17.jdk/Contents/Home/jre/lib/libzip.dylib
0x0000000113eb2000 	/System/Library/Frameworks/JavaVM.framework/Frameworks/JavaRuntimeSupport.framework/JavaRuntimeSupport
0x0000000113eca000 	/System/Library/Frameworks/JavaVM.framework/Versions/A/Frameworks/JavaNativeFoundation.framework/Versions/A/JavaNativeFoundation
0x0000000113edf000 	/System/Library/Frameworks/JavaVM.framework/Versions/A/JavaVM
0x000000000a47a000 	/System/Library/Frameworks/Carbon.framework/Versions/A/Carbon
0x0000000113eec000 	/System/Library/PrivateFrameworks/JavaLaunching.framework/Versions/A/JavaLaunching
0x000000000a47a000 	/System/Library/Frameworks/Carbon.framework/Versions/A/Frameworks/CommonPanels.framework/Versions/A/CommonPanels
0x000000000a47a000 	/System/Library/Frameworks/Carbon.framework/Versions/A/Frameworks/Help.framework/Versions/A/Help
0x000000000a47a000 	/System/Library/Frameworks/Carbon.framework/Versions/A/Frameworks/ImageCapture.framework/Versions/A/ImageCapture
0x000000000a47a000 	/System/Library/Frameworks/Carbon.framework/Versions/A/Frameworks/OpenScripting.framework/Versions/A/OpenScripting
0x000000000a47a000 	/System/Library/Frameworks/Carbon.framework/Versions/A/Frameworks/Print.framework/Versions/A/Print
0x000000000a47a000 	/System/Library/Frameworks/Carbon.framework/Versions/A/Frameworks/SecurityHI.framework/Versions/A/SecurityHI
0x0000000114102000 	/Library/Java/JavaVirtualMachines/jdk1.7.0_17.jdk/Contents/Home/jre/lib/libdt_socket.dylib
0x0000000114a2b000 	/Library/Java/JavaVirtualMachines/jdk1.7.0_17.jdk/Contents/Home/jre/lib/libawt.dylib
0x0000000114ada000 	/Library/Java/JavaVirtualMachines/jdk1.7.0_17.jdk/Contents/Home/jre/lib/./libmlib_image.dylib
0x0000000114ba6000 	/Library/Java/JavaVirtualMachines/jdk1.7.0_17.jdk/Contents/Home/jre/lib/lwawt/liblwawt.dylib
0x0000000114c58000 	/Library/Java/JavaVirtualMachines/jdk1.7.0_17.jdk/Contents/Home/jre/lib/libosxapp.dylib
0x000000000a47a000 	/System/Library/Frameworks/ExceptionHandling.framework/Versions/A/ExceptionHandling
0x000000000a47a000 	/System/Library/PrivateFrameworks/CoreServicesInternal.framework/Versions/A/CoreServicesInternal
0x000000000a47a000 	/System/Library/PrivateFrameworks/Librarian.framework/Versions/A/Librarian
0x000000000a47a000 	/System/Library/Frameworks/CoreGraphics.framework/Versions/A/Resources/libCGCMS.A.dylib
0x000000000a47a000 	/System/Library/Frameworks/CoreGraphics.framework/Versions/A/Resources/libRIP.A.dylib
0x000000000a47a000 	/System/Library/Frameworks/CoreGraphics.framework/Versions/A/Resources/libCGXType.A.dylib
0x000000000a47a000 	/System/Library/PrivateFrameworks/FamilyControls.framework/Versions/A/FamilyControls
0x000000000a47a000 	/System/Library/PrivateFrameworks/CommerceKit.framework/Versions/A/Frameworks/CommerceCore.framework/Versions/A/CommerceCore
0x000000000a47a000 	/System/Library/PrivateFrameworks/SystemAdministration.framework/Versions/A/SystemAdministration
0x000000000a47a000 	/System/Library/Frameworks/DirectoryService.framework/Versions/A/DirectoryService
0x000000000a47a000 	/System/Library/PrivateFrameworks/DiskImages.framework/Versions/A/DiskImages
0x000000000a47a000 	/System/Library/PrivateFrameworks/LoginUIKit.framework/Versions/A/Frameworks/LoginUICore.framework/Versions/A/LoginUICore
0x000000000a47a000 	/usr/lib/libCoreStorage.dylib
0x000000000a47a000 	/usr/lib/libcsfde.dylib
0x000000000a47a000 	/usr/lib/libodfde.dylib
0x000000000a47a000 	/System/Library/Frameworks/DiscRecording.framework/Versions/A/DiscRecording
0x000000000a47a000 	/usr/lib/libcurl.4.dylib
0x000000000a47a000 	/System/Library/PrivateFrameworks/MediaKit.framework/Versions/A/MediaKit
0x000000000a47a000 	/System/Library/PrivateFrameworks/EFILogin.framework/Versions/A/EFILogin
0x000000000a47a000 	/usr/lib/libutil.dylib
0x000000000a47a000 	/System/Library/PrivateFrameworks/AOSNotification.framework/Versions/A/AOSNotification
0x000000000a47a000 	/System/Library/Frameworks/LDAP.framework/Versions/A/LDAP
0x000000000a47a000 	/usr/lib/libsasl2.2.dylib
0x000000000a47a000 	/usr/lib/libcrypto.0.9.8.dylib
0x000000000a47a000 	/usr/lib/libssl.0.9.8.dylib
0x000000000a47a000 	/System/Library/Frameworks/OpenGL.framework/Versions/A/Resources/GLEngine.bundle/GLEngine
0x000000000a47a000 	/System/Library/Frameworks/OpenGL.framework/Versions/A/Libraries/libGLProgrammability.dylib
0x0000000000000000 	/System/Library/Extensions/AMDRadeonX3000GLDriver.bundle/Contents/MacOS/AMDRadeonX3000GLDriver
0x000000000a47a000 	/System/Library/PrivateFrameworks/IOAccelerator.framework/Versions/A/IOAccelerator
0x000000000a47a000 	/System/Library/PrivateFrameworks/GPUSupport.framework/Versions/A/Libraries/libGPUSupportMercury.dylib
0x0000000000000000 	/System/Library/Extensions/AppleIntelHD3000GraphicsGLDriver.bundle/Contents/MacOS/AppleIntelHD3000GraphicsGLDriver
0x0000000117369000 	/System/Library/PrivateFrameworks/GPUSupport.framework/Versions/A/Libraries/libGPUSupport.dylib
0x000000000a47a000 	/System/Library/Frameworks/OpenGL.framework/Versions/A/Resources/GLRendererFloat.bundle/GLRendererFloat
0x000000000a47a000 	/System/Library/Frameworks/OpenCL.framework/Versions/A/Libraries/libcldcpuengine.dylib
0x000000011944c000 	/Library/Java/JavaVirtualMachines/jdk1.7.0_17.jdk/Contents/Home/jre/lib/libfontmanager.dylib
0x0000000119498000 	/Library/Java/JavaVirtualMachines/jdk1.7.0_17.jdk/Contents/Home/jre/lib/libosxui.dylib
0x00000001195b5000 	/Library/Java/JavaVirtualMachines/jdk1.7.0_17.jdk/Contents/Home/jre/lib/libnet.dylib
0x00000001195ca000 	/Library/Java/JavaVirtualMachines/jdk1.7.0_17.jdk/Contents/Home/jre/lib/libnio.dylib
0x0000000119e2c000 	cl_kernels
0x000000011a59e000 	/System/Library/Frameworks/OpenCL.framework/Versions/A/Libraries/ImageFormats/unorm8_bgra.dylib
0x000000011a759000 	cl_kernels
0x000000011b4d6000 	/Library/Java/JavaVirtualMachines/jdk1.7.0_17.jdk/Contents/Home/jre/lib/libdcpr.dylib

VM Arguments:
jvm_args: -agentlib:jdwp=transport=dt_socket,address=127.0.0.1:57153,suspend=y,server=n -Dfile.encoding=UTF-8 
java_command: client.Client localhost 39640
Launcher Type: SUN_STANDARD

Environment Variables:
PATH=/Users/film42/.rvm/gems/ruby-2.0.0-p247/bin:/Users/film42/.rvm/gems/ruby-2.0.0-p247@global/bin:/Users/film42/.rvm/rubies/ruby-2.0.0-p247/bin:/Users/film42/.rvm/bin:/usr/bin:/bin:/usr/sbin:/sbin:/usr/local/bin:/Applications/Postgres.app/Contents/MacOS/bin
SHELL=/bin/zsh

Signal Handlers:
SIGSEGV: [libjvm.dylib+0x4a361d], sa_mask[0]=0xfffefeff, sa_flags=0x00000042
SIGBUS: [libjvm.dylib+0x4a361d], sa_mask[0]=0xfffefeff, sa_flags=0x00000042
SIGFPE: [libjvm.dylib+0x3b302d], sa_mask[0]=0xfffefeff, sa_flags=0x00000042
SIGPIPE: [libjvm.dylib+0x3b302d], sa_mask[0]=0xfffefeff, sa_flags=0x00000042
SIGXFSZ: [libjvm.dylib+0x3b302d], sa_mask[0]=0xfffefeff, sa_flags=0x00000042
SIGILL: [libjvm.dylib+0x3b302d], sa_mask[0]=0xfffefeff, sa_flags=0x00000042
SIGUSR1: SIG_DFL, sa_mask[0]=0x00000000, sa_flags=0x00000002
SIGUSR2: [libjvm.dylib+0x3b2bc6], sa_mask[0]=0x00000004, sa_flags=0x00000042
SIGHUP: [libjvm.dylib+0x3b0e27], sa_mask[0]=0xfffefeff, sa_flags=0x00000042
SIGINT: [libjvm.dylib+0x3b0e27], sa_mask[0]=0xfffefeff, sa_flags=0x00000042
SIGTERM: [libjvm.dylib+0x3b0e27], sa_mask[0]=0xfffefeff, sa_flags=0x00000042
SIGQUIT: [libjvm.dylib+0x3b0e27], sa_mask[0]=0xfffefeff, sa_flags=0x00000042


---------------  S Y S T E M  ---------------

OS:Bsduname:Darwin 13.0.0 Darwin Kernel Version 13.0.0: Thu Sep 19 22:22:27 PDT 2013; root:xnu-2422.1.72~6/RELEASE_X86_64 x86_64
rlimit: STACK 8192k, CORE 0k, NPROC 709, NOFILE 10240, AS infinity
load average:1.89 1.83 1.74

CPU:total 8 (4 cores per cpu, 2 threads per core) family 6 model 42 stepping 7, cmov, cx8, fxsr, mmx, sse, sse2, sse3, ssse3, sse4.1, sse4.2, popcnt, avx, ht, tsc, tscinvbit

Memory: 4k page, physical 1211108k(302777k free)

/proc/meminfo:


vm_info: Java HotSpot(TM) 64-Bit Server VM (23.7-b01) for bsd-amd64 JRE (1.7.0_17-b02), built on Mar  1 2013 06:41:23 by "java_re" with gcc 4.2.1 (Based on Apple Inc. build 5658) (LLVM build 2336.11.00)

time: Thu Dec 12 10:11:03 2013
elapsed time: 84 seconds

